

=== BERITA ROUTE ACCESSED AT 2025-09-03T15:01:22.270Z ===
Request URL: /berita-page
Request method: GET


=== BERITA ROUTE ACCESSED AT 2025-09-03T15:02:35.617Z ===
Request URL: /berita
Request method: GET


=== BERITA ROUTE ACCESSED AT 2025-09-03T22:05:45.823Z ===
Request URL: /berita?ide_webview_request_time=1756907445592
Request method: GET


=== BERITA ROUTE ACCESSED AT 2025-09-04T01:21:30.628Z ===
Request URL: /berita
Request method: GET


=== BERITA ROUTE ACCESSED AT 2025-09-04T01:25:09.889Z ===
Request URL: /berita
Request method: GET


=== BERITA ROUTE ACCESSED AT 2025-09-04T01:25:42.118Z ===
Request URL: /berita
Request method: GET


=== BERITA ROUTE ACCESSED AT 2025-09-04T01:28:08.298Z ===
Request URL: /berita
Request method: GET


=== BERITA ROUTE ACCESSED AT 2025-09-04T01:29:43.981Z ===
Request URL: /berita
Request method: GET


=== BERITA ROUTE ACCESSED AT 2025-09-04T01:30:01.731Z ===
Request URL: /berita?ide_webview_request_time=1756949401401
Request method: GET


=== BERITA ROUTE ACCESSED AT 2025-09-04T01:30:47.221Z ===
Request URL: /berita?ide_webview_request_time=1756949401401
Request method: GET


=== BERITA ROUTE ACCESSED AT 2025-09-04T01:31:26.558Z ===
Request URL: /berita?ide_webview_request_time=1756949486507
Request method: GET


=== BERITA ROUTE ACCESSED AT 2025-09-04T01:31:44.947Z ===
Request URL: /berita?ide_webview_request_time=1756949486507
Request method: GET


=== BERITA ROUTE ACCESSED AT 2025-09-04T01:33:38.681Z ===
Request URL: /berita
Request method: GET


=== BERITA ROUTE ACCESSED AT 2025-09-04T01:34:35.092Z ===
Request URL: /berita
Request method: GET


=== BERITA ROUTE ACCESSED AT 2025-09-04T01:34:47.563Z ===
Request URL: /berita?ide_webview_request_time=1756949486507
Request method: GET


=== BERITA ROUTE ACCESSED AT 2025-09-04T01:54:14.817Z ===
Request URL: /berita
Request method: GET


=== BERITA ROUTE ACCESSED AT 2025-09-04T01:55:11.228Z ===
Request URL: /berita?ide_webview_request_time=1756950911075
Request method: GET


=== BERITA ROUTE ACCESSED AT 2025-09-04T01:58:51.396Z ===
Request URL: /berita?ide_webview_request_time=1756950911075
Request method: GET


=== BERITA ROUTE ACCESSED AT 2025-09-04T01:59:46.074Z ===
Request URL: /berita?ide_webview_request_time=1756951185647
Request method: GET


=== BERITA ROUTE ACCESSED AT 2025-09-04T02:11:08.012Z ===
Request URL: /berita
Request method: GET


=== BERITA ROUTE ACCESSED AT 2025-09-04T03:07:21.078Z ===
Request URL: /berita
Request method: GET


=== BERITA ROUTE ACCESSED AT 2025-09-04T03:08:19.402Z ===
Request URL: /berita
Request method: GET


=== BERITA ROUTE ACCESSED AT 2025-09-05T13:32:08.904Z ===
Request URL: /berita
Request method: GET


=== BERITA ROUTE ACCESSED AT 2025-09-05T15:12:11.167Z ===
Request URL: /berita
Request method: GET


=== BERITA ROUTE ACCESSED AT 2025-09-05T15:13:30.095Z ===
Request URL: /berita?ide_webview_request_time=1757085209871
Request method: GET


=== BERITA ROUTE ACCESSED AT 2025-09-05T15:14:51.620Z ===
Request URL: /berita?ide_webview_request_time=1757085290232
Request method: GET


=== BERITA ROUTE ACCESSED AT 2025-09-05T15:16:12.695Z ===
Request URL: /berita
Request method: GET


=== BERITA ROUTE ACCESSED AT 2025-09-05T15:16:22.231Z ===
Request URL: /berita?ide_webview_request_time=1757085290232
Request method: GET


=== BERITA ROUTE ACCESSED AT 2025-09-05T15:17:56.170Z ===
Request URL: /berita?ide_webview_request_time=1757085475250
Request method: GET


=== BERITA ROUTE ACCESSED AT 2025-09-05T15:34:02.548Z ===
Request URL: /berita
Request method: GET


=== BERITA ROUTE ACCESSED AT 2025-09-05T15:35:09.727Z ===
Request URL: /berita?ide_webview_request_time=1757086508997
Request method: GET


=== BERITA ROUTE ACCESSED AT 2025-09-05T15:35:34.529Z ===
Request URL: /berita
Request method: GET


=== BERITA ROUTE ACCESSED AT 2025-09-05T15:41:33.222Z ===
Request URL: /berita?ide_webview_request_time=1757086891951
Request method: GET


=== BERITA ROUTE ACCESSED AT 2025-09-05T15:42:05.930Z ===
Request URL: /berita
Request method: GET


=== BERITA ROUTE ACCESSED AT 2025-09-05T17:37:24.863Z ===
Request URL: /berita?ide_webview_request_time=1757093843688
Request method: GET


=== BERITA ROUTE ACCESSED AT 2025-09-05T17:37:38.063Z ===
Request URL: /berita
Request method: GET


=== BERITA ROUTE ACCESSED AT 2025-09-05T17:38:09.493Z ===
Request URL: /berita?ide_webview_request_time=1757093843688
Request method: GET


=== BERITA ROUTE ACCESSED AT 2025-09-05T17:38:12.293Z ===
Request URL: /berita?ide_webview_request_time=1757093843688
Request method: GET


=== BERITA ROUTE ACCESSED AT 2025-09-05T17:38:33.341Z ===
Request URL: /berita
Request method: GET


=== BERITA ROUTE ACCESSED AT 2025-09-05T17:38:36.232Z ===
Request URL: /berita
Request method: GET


=== BERITA ROUTE ACCESSED AT 2025-09-05T17:51:52.638Z ===
Request URL: /berita?ide_webview_request_time=1757093843688
Request method: GET


=== BERITA ROUTE ACCESSED AT 2025-09-05T17:52:13.973Z ===
Request URL: /berita
Request method: GET


=== BERITA ROUTE ACCESSED AT 2025-09-05T17:52:39.923Z ===
Request URL: /berita?ide_webview_request_time=1757093843688
Request method: GET


=== BERITA ROUTE ACCESSED AT 2025-09-05T17:52:40.107Z ===
Request URL: /berita?ide_webview_request_time=1757093843688
Request method: GET


=== BERITA ROUTE ACCESSED AT 2025-09-05T17:53:15.496Z ===
Request URL: /berita
Request method: GET


=== BERITA ROUTE ACCESSED AT 2025-09-05T17:57:31.711Z ===
Request URL: /berita?ide_webview_request_time=1757093843688
Request method: GET


=== BERITA ROUTE ACCESSED AT 2025-09-05T17:59:58.535Z ===
Request URL: /berita?ide_webview_request_time=1757093843688
Request method: GET


=== BERITA ROUTE ACCESSED AT 2025-09-05T18:00:11.749Z ===
Request URL: /berita
Request method: GET


=== BERITA ROUTE ACCESSED AT 2025-09-05T18:05:12.696Z ===
Request URL: /berita
Request method: GET


=== BERITA ROUTE ACCESSED AT 2025-09-06T03:05:36.490Z ===
Request URL: /berita?ide_webview_request_time=1757093843688
Request method: GET


=== BERITA ROUTE ACCESSED AT 2025-09-06T04:08:26.828Z ===
Request URL: /berita?ide_webview_request_time=1757093843688
Request method: GET


=== BERITA ROUTE ACCESSED AT 2025-09-06T04:10:08.209Z ===
Request URL: /berita
Request method: GET


=== BERITA ROUTE ACCESSED AT 2025-09-06T04:13:24.680Z ===
Request URL: /berita
Request method: GET


=== BERITA ROUTE ACCESSED AT 2025-09-06T04:14:33.127Z ===
Request URL: /berita?refresh=1
Request method: GET


=== BERITA ROUTE ACCESSED AT 2025-09-06T04:15:48.297Z ===
Request URL: /berita
Request method: GET


=== BERITA ROUTE ACCESSED AT 2025-09-06T04:25:26.214Z ===
Request URL: /berita?ide_webview_request_time=1757093843688
Request method: GET


=== BERITA ROUTE ACCESSED AT 2025-09-06T04:25:45.228Z ===
Request URL: /berita
Request method: GET


=== BERITA ROUTE ACCESSED AT 2025-09-06T04:27:34.441Z ===
Request URL: /berita
Request method: GET


=== BERITA ROUTE ACCESSED AT 2025-09-06T04:46:57.910Z ===
Request URL: /berita?ide_webview_request_time=1757093843688
Request method: GET


=== BERITA ROUTE ACCESSED AT 2025-09-06T04:47:12.283Z ===
Request URL: /berita
Request method: GET


=== BERITA ROUTE ACCESSED AT 2025-09-06T04:47:14.777Z ===
Request URL: /berita
Request method: GET


=== BERITA ROUTE ACCESSED AT 2025-09-06T04:48:53.143Z ===
Request URL: /berita
Request method: GET


=== BERITA ROUTE ACCESSED AT 2025-09-06T04:54:01.010Z ===
Request URL: /berita?ide_webview_request_time=1757134438942
Request method: GET


=== BERITA ROUTE ACCESSED AT 2025-09-06T04:54:58.608Z ===
Request URL: /berita
Request method: GET


=== BERITA ROUTE ACCESSED AT 2025-09-06T04:56:34.807Z ===
Request URL: /berita?ide_webview_request_time=1757134593477
Request method: GET


=== BERITA ROUTE ACCESSED AT 2025-09-06T04:58:49.859Z ===
Request URL: /berita
Request method: GET


=== BERITA ROUTE ACCESSED AT 2025-09-06T05:05:19.459Z ===
Request URL: /berita?ide_webview_request_time=1757135119385
Request method: GET


=== BERITA ROUTE ACCESSED AT 2025-09-06T05:09:05.739Z ===
Request URL: /berita?ide_webview_request_time=1757135119385
Request method: GET


=== BERITA ROUTE ACCESSED AT 2025-09-06T05:09:45.001Z ===
Request URL: /berita
Request method: GET


=== BERITA ROUTE ACCESSED AT 2025-09-06T05:34:16.949Z ===
Request URL: /berita
Request method: GET


=== BERITA ROUTE ACCESSED AT 2025-09-06T05:34:31.749Z ===
Request URL: /berita
Request method: GET


=== BERITA ROUTE ACCESSED AT 2025-09-06T05:59:06.383Z ===
Request URL: /berita
Request method: GET


=== BERITA ROUTE ACCESSED AT 2025-09-06T06:09:14.243Z ===
Request URL: /berita?ide_webview_request_time=1757138951327
Request method: GET


=== BERITA ROUTE ACCESSED AT 2025-09-06T06:12:26.028Z ===
Request URL: /berita?ide_webview_request_time=1757139143715
Request method: GET


=== BERITA ROUTE ACCESSED AT 2025-09-06T06:15:06.464Z ===
Request URL: /berita
Request method: GET


=== BERITA ROUTE ACCESSED AT 2025-09-06T06:15:06.941Z ===
Request URL: /berita
Request method: GET


=== BERITA ROUTE ACCESSED AT 2025-09-06T06:15:17.913Z ===
Request URL: /berita?ide_webview_request_time=1757139315993
Request method: GET


=== BERITA ROUTE ACCESSED AT 2025-09-10T22:16:47.405Z ===
Request URL: /berita
Request method: GET
