2025-09-03T08:35:07.420Z - GET /simple-test - Body: undefined
2025-09-03T08:35:31.783Z - GET /simple-test - Body: undefined
2025-09-03T08:35:49.776Z - GET /simple-test - Body: undefined
2025-09-03T08:36:08.980Z - GET /berita - Body: undefined
2025-09-03T08:37:32.369Z - GET /berita-test - Body: undefined
2025-09-03T08:37:59.036Z - GET /?ide_webview_request_time=1756888678399 - Body: undefined
2025-09-03T08:38:00.567Z - GET /@vite/client - Body: undefined
2025-09-03T08:50:31.558Z - GET /berita - Body: undefined
2025-09-03T08:50:40.511Z - GET / - Body: undefined
2025-09-03T08:54:22.976Z - GET /admin/dashboard - Body: undefined
2025-09-03T08:54:23.202Z - GET /admin/login - Body: undefined
2025-09-03T08:54:29.976Z - POST /admin/login - Body: {"username":"admin","password":"admin123"}
2025-09-03T08:54:30.609Z - GET /admin/dashboard - Body: undefined
2025-09-03T08:54:35.995Z - GET /admin/registrations/3 - Body: undefined
2025-09-03T08:54:39.090Z - GET /admin/registrations - Body: undefined
2025-09-03T08:54:41.481Z - GET /admin/registrations/3/details - Body: undefined
2025-09-03T08:54:45.990Z - POST /admin/registrations/3/status - Body: {"status":"approved"}
2025-09-03T08:54:46.058Z - GET /admin/registrations - Body: undefined
2025-09-03T08:54:50.169Z - POST /admin/registrations/2/status - Body: {"status":"approved"}
2025-09-03T08:54:50.212Z - GET /admin/registrations - Body: undefined
2025-09-03T08:54:52.772Z - POST /admin/registrations/1/status - Body: {"status":"approved"}
2025-09-03T08:54:52.822Z - GET /admin/registrations - Body: undefined
2025-09-03T08:54:58.574Z - POST /admin/registrations/3/status - Body: {"status":"approved"}
2025-09-03T08:54:58.580Z - POST /admin/registrations/2/status - Body: {"status":"approved"}
2025-09-03T08:54:58.603Z - POST /admin/registrations/1/status - Body: {"status":"approved"}
2025-09-03T08:54:58.683Z - GET /admin/registrations - Body: undefined
2025-09-03T08:55:08.804Z - GET /admin/settings - Body: undefined
2025-09-03T08:55:21.225Z - GET /admin/registrations - Body: undefined
2025-09-03T08:55:22.426Z - GET /admin/dashboard - Body: undefined
2025-09-03T08:59:55.861Z - GET /admin/dashboard?ide_webview_request_time=1756889995488 - Body: undefined
2025-09-03T08:59:56.011Z - GET /admin/login - Body: undefined
2025-09-03T08:59:56.763Z - GET /@vite/client - Body: undefined
2025-09-03T09:01:19.320Z - GET /admin/dashboard - Body: undefined
2025-09-03T09:01:22.665Z - GET /admin/news - Body: undefined
2025-09-03T09:01:29.724Z - GET /admin/registrations - Body: undefined
2025-09-03T09:01:31.157Z - GET /admin/registrations - Body: undefined
2025-09-03T09:01:32.010Z - GET /admin/settings - Body: undefined
2025-09-03T09:01:32.732Z - GET /admin/registrations - Body: undefined
2025-09-03T09:01:33.500Z - GET /admin/dashboard - Body: undefined
2025-09-03T09:01:34.937Z - GET /admin/news - Body: undefined
2025-09-03T09:02:07.098Z - GET /admin/dashboard?ide_webview_request_time=1756890126703 - Body: undefined
2025-09-03T09:02:07.157Z - GET /admin/login - Body: undefined
2025-09-03T09:02:07.768Z - GET /@vite/client - Body: undefined
2025-09-03T09:02:41.732Z - GET /admin/news?ide_webview_request_time=1756890161513 - Body: undefined
2025-09-03T09:02:41.794Z - GET /admin/login - Body: undefined
2025-09-03T09:02:42.062Z - GET /@vite/client - Body: undefined
2025-09-03T09:03:18.684Z - GET /berita?ide_webview_request_time=1756890198357 - Body: undefined
2025-09-03T09:03:19.595Z - GET /@vite/client - Body: undefined
2025-09-03T09:03:51.858Z - GET /admin/news - Body: undefined
2025-09-03T09:03:59.157Z - GET /.well-known/appspecific/com.chrome.devtools.json - Body: undefined
2025-09-03T09:05:21.444Z - GET /admin/dashboard?ide_webview_request_time=1756890321325 - Body: undefined
2025-09-03T09:05:21.494Z - GET /admin/login - Body: undefined
2025-09-03T09:05:22.345Z - GET /@vite/client - Body: undefined
2025-09-03T09:05:56.015Z - GET /admin/news?ide_webview_request_time=1756890355802 - Body: undefined
2025-09-03T09:05:56.064Z - GET /admin/login - Body: undefined
2025-09-03T09:05:56.340Z - GET /@vite/client - Body: undefined
2025-09-03T09:21:30.882Z - GET /admin/news - Body: undefined
2025-09-03T09:21:30.981Z - GET /admin/login - Body: undefined
2025-09-03T09:21:31.370Z - GET /.well-known/appspecific/com.chrome.devtools.json - Body: undefined
2025-09-03T09:21:31.521Z - GET /css/bootstrap/bootstrap.min.css.map - Body: undefined
2025-09-03T09:21:31.566Z - GET /js/bootstrap/bootstrap.bundle.min.js.map - Body: undefined
2025-09-03T09:21:44.950Z - POST /admin/login - Body: {"username":"aditya","password":"Corei7gen"}
2025-09-03T09:21:45.206Z - GET /admin/dashboard - Body: undefined
2025-09-03T09:21:45.368Z - GET /.well-known/appspecific/com.chrome.devtools.json - Body: undefined
2025-09-03T09:21:45.423Z - GET /css/bootstrap/bootstrap.min.css.map - Body: undefined
2025-09-03T09:21:45.445Z - GET /js/bootstrap/bootstrap.bundle.min.js.map - Body: undefined
2025-09-03T09:21:49.882Z - GET /admin/news - Body: undefined
2025-09-03T09:21:49.936Z - GET /.well-known/appspecific/com.chrome.devtools.json - Body: undefined
2025-09-03T09:22:48.848Z - GET /admin/news?ide_webview_request_time=1756891368764 - Body: undefined
2025-09-03T09:22:48.891Z - GET /admin/login - Body: undefined
2025-09-03T09:22:49.192Z - GET /@vite/client - Body: undefined
2025-09-03T09:28:27.537Z - GET /admin/news - Body: undefined
2025-09-03T09:28:27.641Z - GET /admin/login - Body: undefined
2025-09-03T09:28:28.237Z - GET /.well-known/appspecific/com.chrome.devtools.json - Body: undefined
2025-09-03T09:28:28.409Z - GET /css/bootstrap/bootstrap.min.css.map - Body: undefined
2025-09-03T09:28:28.508Z - GET /js/bootstrap/bootstrap.bundle.min.js.map - Body: undefined
2025-09-03T09:28:41.839Z - POST /admin/login - Body: {"username":"aditya","password":"Corei7gen"}
2025-09-03T09:28:42.139Z - GET /admin/dashboard - Body: undefined
2025-09-03T09:28:42.316Z - GET /.well-known/appspecific/com.chrome.devtools.json - Body: undefined
2025-09-03T09:28:42.367Z - GET /css/bootstrap/bootstrap.min.css.map - Body: undefined
2025-09-03T09:28:42.389Z - GET /js/bootstrap/bootstrap.bundle.min.js.map - Body: undefined
2025-09-03T09:28:49.337Z - GET /admin/news - Body: undefined
2025-09-03T09:28:49.386Z - GET /.well-known/appspecific/com.chrome.devtools.json - Body: undefined
2025-09-03T09:29:48.955Z - GET /admin/news?ide_webview_request_time=1756891788903 - Body: undefined
2025-09-03T09:29:48.988Z - GET /admin/login - Body: undefined
2025-09-03T09:29:49.325Z - GET /@vite/client - Body: undefined
2025-09-03T09:31:58.556Z - GET /admin/news - Body: undefined
2025-09-03T09:31:58.607Z - GET /admin/login - Body: undefined
2025-09-03T09:31:58.797Z - GET /.well-known/appspecific/com.chrome.devtools.json - Body: undefined
2025-09-03T09:31:58.930Z - GET /js/bootstrap/bootstrap.bundle.min.js.map - Body: undefined
2025-09-03T09:31:58.952Z - GET /css/bootstrap/bootstrap.min.css.map - Body: undefined
2025-09-03T09:32:05.673Z - POST /admin/login - Body: {"username":"admin","password":"Corei7gen"}
2025-09-03T09:32:05.991Z - GET /.well-known/appspecific/com.chrome.devtools.json - Body: undefined
2025-09-03T09:32:06.022Z - GET /css/bootstrap/bootstrap.min.css.map - Body: undefined
2025-09-03T09:32:06.027Z - GET /js/bootstrap/bootstrap.bundle.min.js.map - Body: undefined
2025-09-03T09:32:12.273Z - POST /admin/login - Body: {"username":"aditya","password":"Corei7gen"}
2025-09-03T09:32:12.440Z - GET /admin/dashboard - Body: undefined
2025-09-03T09:32:12.614Z - GET /.well-known/appspecific/com.chrome.devtools.json - Body: undefined
2025-09-03T09:32:12.665Z - GET /css/bootstrap/bootstrap.min.css.map - Body: undefined
2025-09-03T09:32:12.679Z - GET /js/bootstrap/bootstrap.bundle.min.js.map - Body: undefined
2025-09-03T09:32:16.509Z - GET /admin/news - Body: undefined
2025-09-03T09:32:16.634Z - GET /.well-known/appspecific/com.chrome.devtools.json - Body: undefined
2025-09-03T09:33:15.543Z - GET /admin/news?ide_webview_request_time=1756891995459 - Body: undefined
2025-09-03T09:33:15.590Z - GET /admin/login - Body: undefined
2025-09-03T09:33:16.040Z - GET /@vite/client - Body: undefined
2025-09-03T09:35:52.886Z - GET /admin/news - Body: undefined
2025-09-03T09:35:52.938Z - GET /admin/login - Body: undefined
2025-09-03T09:35:53.120Z - GET /.well-known/appspecific/com.chrome.devtools.json - Body: undefined
2025-09-03T09:35:53.295Z - GET /css/bootstrap/bootstrap.min.css.map - Body: undefined
2025-09-03T09:35:53.316Z - GET /js/bootstrap/bootstrap.bundle.min.js.map - Body: undefined
2025-09-03T09:36:02.448Z - POST /admin/login - Body: {"username":"admin","password":"admin123"}
2025-09-03T09:36:02.792Z - GET /admin/dashboard - Body: undefined
2025-09-03T09:36:02.995Z - GET /.well-known/appspecific/com.chrome.devtools.json - Body: undefined
2025-09-03T09:36:03.036Z - GET /css/bootstrap/bootstrap.min.css.map - Body: undefined
2025-09-03T09:36:03.098Z - GET /js/bootstrap/bootstrap.bundle.min.js.map - Body: undefined
2025-09-03T09:36:04.951Z - GET /admin/news - Body: undefined
2025-09-03T09:36:05.261Z - GET /.well-known/appspecific/com.chrome.devtools.json - Body: undefined
2025-09-03T09:36:05.445Z - GET /admin/api/news/stats - Body: undefined
2025-09-03T09:36:05.447Z - GET /admin/api/news? - Body: undefined
2025-09-03T09:37:17.888Z - GET /admin/news?ide_webview_request_time=1756892237814 - Body: undefined
2025-09-03T09:37:17.920Z - GET /admin/login - Body: undefined
2025-09-03T09:37:18.409Z - GET /@vite/client - Body: undefined
2025-09-03T09:39:04.435Z - GET /admin/news?ide_webview_request_time=1756892344282 - Body: undefined
2025-09-03T09:39:04.477Z - GET /admin/login - Body: undefined
2025-09-03T09:39:04.816Z - GET /@vite/client - Body: undefined
2025-09-03T09:40:24.083Z - GET /admin/news - Body: undefined
2025-09-03T09:40:24.188Z - GET /admin/login - Body: undefined
2025-09-03T09:40:24.541Z - GET /.well-known/appspecific/com.chrome.devtools.json - Body: undefined
2025-09-03T09:40:24.680Z - GET /css/bootstrap/bootstrap.min.css.map - Body: undefined
2025-09-03T09:40:24.755Z - GET /js/bootstrap/bootstrap.bundle.min.js.map - Body: undefined
2025-09-03T09:40:31.848Z - POST /admin/login - Body: {"username":"admin","password":"admin123"}
2025-09-03T09:40:32.182Z - GET /admin/dashboard - Body: undefined
2025-09-03T09:40:32.395Z - GET /.well-known/appspecific/com.chrome.devtools.json - Body: undefined
2025-09-03T09:40:32.463Z - GET /css/bootstrap/bootstrap.min.css.map - Body: undefined
2025-09-03T09:40:32.498Z - GET /js/bootstrap/bootstrap.bundle.min.js.map - Body: undefined
2025-09-03T09:40:35.043Z - GET /admin/news - Body: undefined
2025-09-03T09:40:35.349Z - GET /.well-known/appspecific/com.chrome.devtools.json - Body: undefined
2025-09-03T09:40:35.453Z - GET /admin/api/news/stats - Body: undefined
2025-09-03T09:40:35.457Z - GET /admin/api/news? - Body: undefined
2025-09-03T09:41:58.066Z - GET /admin/news?ide_webview_request_time=1756892517961 - Body: undefined
2025-09-03T09:41:58.166Z - GET /admin/login - Body: undefined
2025-09-03T09:41:58.556Z - GET /@vite/client - Body: undefined
2025-09-03T09:55:08.405Z - GET /admin/news - Body: undefined
2025-09-03T09:55:08.449Z - GET /admin/login - Body: undefined
2025-09-03T09:55:08.701Z - GET /.well-known/appspecific/com.chrome.devtools.json - Body: undefined
2025-09-03T09:55:08.784Z - GET /css/bootstrap/bootstrap.min.css.map - Body: undefined
2025-09-03T09:55:08.831Z - GET /js/bootstrap/bootstrap.bundle.min.js.map - Body: undefined
2025-09-03T09:55:17.210Z - POST /admin/login - Body: {"username":"admin","password":"admin123"}
2025-09-03T09:55:17.515Z - GET /admin/dashboard - Body: undefined
2025-09-03T09:55:17.702Z - GET /.well-known/appspecific/com.chrome.devtools.json - Body: undefined
2025-09-03T09:55:17.760Z - GET /css/bootstrap/bootstrap.min.css.map - Body: undefined
2025-09-03T09:55:17.808Z - GET /js/bootstrap/bootstrap.bundle.min.js.map - Body: undefined
2025-09-03T09:55:19.692Z - GET /admin/news - Body: undefined
2025-09-03T09:55:19.740Z - GET /.well-known/appspecific/com.chrome.devtools.json - Body: undefined
2025-09-03T09:55:19.842Z - GET /admin/api/news/stats - Body: undefined
2025-09-03T09:55:19.844Z - GET /admin/api/news? - Body: undefined
2025-09-03T12:11:54.566Z - GET / - Body: undefined
2025-09-03T13:06:00.005Z - GET /admin/dashboard - Body: undefined
2025-09-03T13:06:00.170Z - GET /admin/login - Body: undefined
2025-09-03T13:06:05.238Z - POST /admin/login - Body: {"username":"admin","password":"admin123"}
2025-09-03T13:06:05.846Z - GET /admin/dashboard - Body: undefined
2025-09-03T13:06:06.412Z - GET /favicon.ico - Body: undefined
2025-09-03T13:06:11.141Z - GET /admin/registrations - Body: undefined
2025-09-03T13:06:41.085Z - GET /admin/settings - Body: undefined
2025-09-03T13:06:42.636Z - GET /admin/registrations - Body: undefined
2025-09-03T13:06:43.477Z - GET /admin/dashboard - Body: undefined
2025-09-03T13:06:45.636Z - GET /admin/registrations - Body: undefined
2025-09-03T13:06:46.478Z - GET /admin/settings - Body: undefined
2025-09-03T13:06:47.926Z - GET /admin/dashboard - Body: undefined
2025-09-03T13:06:50.754Z - GET /admin/registrations - Body: undefined
2025-09-03T13:06:51.666Z - GET /admin/settings - Body: undefined
2025-09-03T13:07:00.843Z - GET /admin/news - Body: undefined
2025-09-03T13:07:01.139Z - GET /admin/api/news/stats - Body: undefined
2025-09-03T13:07:01.148Z - GET /admin/api/news? - Body: undefined
2025-09-03T13:07:10.541Z - GET /admin/ - Body: undefined
2025-09-03T13:07:15.223Z - GET /admin/dashboard - Body: undefined
2025-09-03T13:07:56.576Z - GET /admin/news - Body: undefined
2025-09-03T13:07:57.121Z - GET /admin/api/news/stats - Body: undefined
2025-09-03T13:07:57.125Z - GET /admin/api/news? - Body: undefined
2025-09-03T13:08:56.841Z - GET /admin/dashboard?ide_webview_request_time=1756904936226 - Body: undefined
2025-09-03T13:08:56.907Z - GET /admin/login - Body: undefined
2025-09-03T13:08:57.265Z - GET /@vite/client - Body: undefined
2025-09-03T13:09:58.114Z - GET /admin/dashboard - Body: undefined
2025-09-03T13:10:02.428Z - GET /admin/news - Body: undefined
2025-09-03T13:10:02.765Z - GET /admin/api/news/stats - Body: undefined
2025-09-03T13:10:02.769Z - GET /admin/api/news? - Body: undefined
2025-09-03T13:27:11.439Z - POST /admin/api/news - Body: {"title":"aditya","content":"<p>Universitas indonesia</p>","excerpt":"hallo","featured_image":"","status":"published"}
2025-09-03T13:27:11.769Z - GET /admin/api/news/stats - Body: undefined
2025-09-03T13:27:11.776Z - GET /admin/api/news? - Body: undefined
2025-09-03T13:27:21.394Z - GET / - Body: undefined
2025-09-03T13:27:25.882Z - GET /berita - Body: undefined
2025-09-03T13:29:15.517Z - GET /berita?ide_webview_request_time=1756906155127 - Body: undefined
2025-09-03T13:29:16.695Z - GET /@vite/client - Body: undefined
2025-09-03T13:31:59.547Z - GET /berita - Body: undefined
2025-09-03T13:32:11.770Z - GET /admin/news - Body: undefined
2025-09-03T13:32:12.327Z - GET /admin/api/news? - Body: undefined
2025-09-03T13:32:12.330Z - GET /admin/api/news/stats - Body: undefined
2025-09-03T13:32:19.060Z - DELETE /admin/api/news/1 - Body: undefined
2025-09-03T13:32:19.280Z - GET /admin/api/news/stats - Body: undefined
2025-09-03T13:32:19.283Z - GET /admin/api/news? - Body: undefined
2025-09-03T13:33:00.879Z - POST /admin/api/news - Body: {"title":"coba","content":"<p>coba</p><p><br></p>","excerpt":"coba","featured_image":"","status":"published"}
2025-09-03T13:33:01.138Z - GET /admin/api/news/stats - Body: undefined
2025-09-03T13:33:01.147Z - GET /admin/api/news? - Body: undefined
2025-09-03T13:33:11.216Z - GET /berita - Body: undefined
2025-09-03T13:33:19.927Z - GET /berita - Body: undefined
2025-09-03T13:33:21.532Z - GET /berita - Body: undefined
2025-09-03T13:33:22.786Z - GET /berita - Body: undefined
2025-09-03T13:34:07.119Z - GET /berita?ide_webview_request_time=1756906446749 - Body: undefined
2025-09-03T13:34:08.298Z - GET /@vite/client - Body: undefined
2025-09-03T13:34:55.180Z - GET /berita?ide_webview_request_time=1756906494862 - Body: undefined
2025-09-03T13:34:56.227Z - GET /@vite/client - Body: undefined
2025-09-03T13:35:14.322Z - GET /berita - Body: undefined
2025-09-03T13:35:37.517Z - GET /admin/news?ide_webview_request_time=1756906537004 - Body: undefined
2025-09-03T13:35:37.666Z - GET /admin/login - Body: undefined
2025-09-03T13:35:38.451Z - GET /@vite/client - Body: undefined
2025-09-03T13:49:57.752Z - GET /berita - Body: undefined
2025-09-03T13:50:46.155Z - GET /berita?ide_webview_request_time=1756907445592 - Body: undefined
2025-09-03T13:50:47.486Z - GET /@vite/client - Body: undefined
2025-09-03T13:51:16.485Z - GET /berita - Body: undefined
2025-09-03T13:51:59.200Z - GET /berita - Body: undefined
2025-09-03T13:53:38.983Z - GET /berita-test - Body: undefined
2025-09-03T13:53:55.003Z - GET /berita - Body: undefined
2025-09-03T13:54:20.337Z - GET /berita?ide_webview_request_time=1756907445592 - Body: undefined
2025-09-03T13:54:21.850Z - GET /@vite/client - Body: undefined
2025-09-03T13:55:04.135Z - GET /berita - Body: undefined
2025-09-03T13:55:40.404Z - GET /berita - Body: undefined
2025-09-03T13:57:41.240Z - GET /berita - Body: undefined
2025-09-03T13:58:47.042Z - GET /berita - Body: undefined
2025-09-03T14:14:38.126Z - GET /news - Body: undefined
2025-09-03T14:15:39.872Z - GET /news-test - Body: undefined
2025-09-03T14:16:07.699Z - GET /berita-test - Body: undefined
2025-09-03T14:16:21.239Z - GET /news-test - Body: undefined
2025-09-03T14:17:00.108Z - GET /news-test - Body: undefined
2025-09-03T14:17:46.476Z - GET /berita-page - Body: undefined
2025-09-03T14:20:09.766Z - GET /simple-test - Body: undefined
2025-09-03T14:20:17.831Z - GET /berita-page - Body: undefined
2025-09-03T14:20:32.149Z - GET /berita-debug - Body: undefined
2025-09-03T14:21:16.834Z - GET /berita-debug - Body: undefined
2025-09-03T14:22:11.229Z - GET /emergency-test - Body: undefined
2025-09-03T14:22:22.730Z - GET /berita-test - Body: undefined
2025-09-03T14:36:42.275Z - GET /emergency-test - Body: undefined
2025-09-03T14:36:49.886Z - GET /berita-debug - Body: undefined
2025-09-03T14:38:15.207Z - GET /test-after-portal - Body: undefined
2025-09-03T14:40:27.848Z - GET /emergency-test-final - Body: undefined
2025-09-03T14:40:47.846Z - GET /test-debug - Body: undefined
2025-09-03T14:41:13.822Z - GET /emergency-test-final - Body: undefined
2025-09-03T14:41:27.945Z - GET /emergency-test-final - Body: undefined
2025-09-03T14:54:02.874Z - GET /simple-route-test - Body: undefined
2025-09-03T14:55:00.816Z - GET /simple-route-test - Body: undefined
2025-09-03T14:55:57.051Z - GET /simple-route-test - Body: undefined
2025-09-03T14:56:04.733Z - GET /emergency-test-final - Body: undefined
2025-09-03T14:56:12.357Z - GET /berita-debug-final - Body: undefined
2025-09-03T14:56:20.166Z - GET /emergency-test - Body: undefined
2025-09-03T14:56:26.695Z - GET /berita-debug - Body: undefined
2025-09-03T14:56:58.372Z - GET /berita?ide_webview_request_time=1756907445592 - Body: undefined
2025-09-03T14:56:59.099Z - GET /@vite/client - Body: undefined
2025-09-03T14:57:24.733Z - GET /emergency-test - Body: undefined
2025-09-03T14:57:31.929Z - GET / - Body: undefined
2025-09-03T15:00:43.161Z - GET /berita - Body: undefined
2025-09-03T15:01:22.198Z - GET /berita-page - Body: undefined
2025-09-03T15:02:35.574Z - GET /berita - Body: undefined
2025-09-03T22:05:45.795Z - GET /berita?ide_webview_request_time=1756907445592 - Body: undefined
2025-09-03T22:05:47.206Z - GET /@vite/client - Body: undefined
2025-09-04T01:21:30.602Z - GET /berita - Body: undefined
2025-09-04T01:21:47.737Z - GET /admin/api/news/2 - Body: undefined
2025-09-04T01:24:11.969Z - GET /admin/news?ide_webview_request_time=1756949051782 - Body: undefined
2025-09-04T01:24:12.016Z - GET /admin/login - Body: undefined
2025-09-04T01:24:12.474Z - GET /@vite/client - Body: undefined
2025-09-04T01:25:09.866Z - GET /berita - Body: undefined
2025-09-04T01:25:42.098Z - GET /berita - Body: undefined
2025-09-04T01:26:51.612Z - GET /admin/news?ide_webview_request_time=1756949211320 - Body: undefined
2025-09-04T01:26:51.700Z - GET /admin/login - Body: undefined
2025-09-04T01:26:52.431Z - GET /@vite/client - Body: undefined
2025-09-04T01:28:01.562Z - POST /admin/api/news - Body: {"excerpt":"Berita test dengan gambar","title":"Test Berita dengan Gambar","featured_image":"/uploads/news/test-image.svg","content":"<p>Ini adalah berita test untuk menguji tampilan gambar.</p>","status":"published"}
2025-09-04T01:28:01.578Z - GET /admin/login - Body: undefined
2025-09-04T01:28:08.297Z - GET /berita - Body: undefined
2025-09-04T01:29:43.964Z - GET /berita - Body: undefined
2025-09-04T01:30:01.724Z - GET /berita?ide_webview_request_time=1756949401401 - Body: undefined
2025-09-04T01:30:02.569Z - GET /@vite/client - Body: undefined
2025-09-04T01:30:47.214Z - GET /berita?ide_webview_request_time=1756949401401 - Body: undefined
2025-09-04T01:30:48.706Z - GET /@vite/client - Body: undefined
2025-09-04T01:31:26.552Z - GET /berita?ide_webview_request_time=1756949486507 - Body: undefined
2025-09-04T01:31:26.748Z - GET /@vite/client - Body: undefined
2025-09-04T01:31:44.945Z - GET /berita?ide_webview_request_time=1756949486507 - Body: undefined
2025-09-04T01:31:45.271Z - GET /@vite/client - Body: undefined
2025-09-04T01:32:24.053Z - POST /admin/api/news - Body: {"title":"ah masa","content":"<p>betita ini</p>","excerpt":"beh","featured_image":"","status":"published"}
2025-09-04T01:32:26.365Z - POST /admin/api/news - Body: {"title":"ah masa","content":"<p>betita ini</p>","excerpt":"beh","featured_image":"","status":"published"}
2025-09-04T01:32:26.582Z - POST /admin/api/news - Body: {"title":"ah masa","content":"<p>betita ini</p>","excerpt":"beh","featured_image":"","status":"published"}
2025-09-04T01:32:26.693Z - POST /admin/api/news - Body: {"title":"ah masa","content":"<p>betita ini</p>","excerpt":"beh","featured_image":"","status":"published"}
2025-09-04T01:32:26.851Z - POST /admin/api/news - Body: {"title":"ah masa","content":"<p>betita ini</p>","excerpt":"beh","featured_image":"","status":"published"}
2025-09-04T01:32:29.501Z - POST /admin/api/news - Body: {"title":"ah masa","content":"<p>betita ini</p>","excerpt":"beh","featured_image":"","status":"published"}
2025-09-04T01:32:31.304Z - GET /.well-known/appspecific/com.chrome.devtools.json - Body: undefined
2025-09-04T01:32:41.367Z - GET /admin/news - Body: undefined
2025-09-04T01:32:41.387Z - GET /admin/login - Body: undefined
2025-09-04T01:32:41.481Z - GET /.well-known/appspecific/com.chrome.devtools.json - Body: undefined
2025-09-04T01:32:41.555Z - GET /css/bootstrap/bootstrap.min.css.map - Body: undefined
2025-09-04T01:32:41.575Z - GET /js/bootstrap/bootstrap.bundle.min.js.map - Body: undefined
2025-09-04T01:32:45.838Z - POST /admin/login - Body: {"username":"admin","password":"admin123"}
2025-09-04T01:32:46.099Z - GET /admin/dashboard - Body: undefined
2025-09-04T01:32:46.151Z - GET /.well-known/appspecific/com.chrome.devtools.json - Body: undefined
2025-09-04T01:32:46.194Z - GET /css/bootstrap/bootstrap.min.css.map - Body: undefined
2025-09-04T01:32:46.202Z - GET /js/bootstrap/bootstrap.bundle.min.js.map - Body: undefined
2025-09-04T01:32:47.780Z - GET /admin/news - Body: undefined
2025-09-04T01:32:47.807Z - GET /.well-known/appspecific/com.chrome.devtools.json - Body: undefined
2025-09-04T01:32:47.890Z - GET /admin/api/news/stats - Body: undefined
2025-09-04T01:32:47.895Z - GET /admin/api/news? - Body: undefined
2025-09-04T01:33:16.313Z - POST /admin/api/news - Body: {"title":"ah masa","content":"<p>beh coba deh</p>","excerpt":"sih","featured_image":"","status":"published"}
2025-09-04T01:33:16.346Z - GET /admin/api/news/stats - Body: undefined
2025-09-04T01:33:16.347Z - GET /admin/api/news? - Body: undefined
2025-09-04T01:33:37.102Z - GET /.well-known/appspecific/com.chrome.devtools.json - Body: undefined
2025-09-04T01:33:37.375Z - GET /js/jarallax.min.js.map - Body: undefined
2025-09-04T01:33:38.675Z - GET /berita - Body: undefined
2025-09-04T01:33:38.754Z - GET /.well-known/appspecific/com.chrome.devtools.json - Body: undefined
2025-09-04T01:33:38.913Z - GET /js/jarallax.min.js.map - Body: undefined
2025-09-04T01:34:35.088Z - GET /berita - Body: undefined
2025-09-04T01:34:47.562Z - GET /berita?ide_webview_request_time=1756949486507 - Body: undefined
2025-09-04T01:34:47.845Z - GET /@vite/client - Body: undefined
2025-09-04T01:36:37.998Z - GET /admin/news?ide_webview_request_time=1756949797808 - Body: undefined
2025-09-04T01:36:38.140Z - GET /admin/login - Body: undefined
2025-09-04T01:36:38.509Z - GET /@vite/client - Body: undefined
2025-09-04T01:39:02.586Z - GET /admin/login?ide_webview_request_time=1756949942395 - Body: undefined
2025-09-04T01:39:03.018Z - GET /@vite/client - Body: undefined
2025-09-04T01:39:47.068Z - POST /admin/login - Body: {"username":"admin","password":"admin123"}
2025-09-04T01:39:47.479Z - GET /admin/dashboard - Body: undefined
2025-09-04T01:39:47.487Z - GET /admin/login - Body: undefined
2025-09-04T01:39:47.518Z - POST /admin/api/news/upload-image - Body: undefined
2025-09-04T01:39:47.527Z - GET /admin/login - Body: undefined
2025-09-04T01:41:21.273Z - GET /admin/login - Body: undefined
2025-09-04T01:41:21.311Z - POST /admin/login - Body: {"username":"admin","password":"admin123"}
2025-09-04T01:41:21.516Z - POST /admin/api/news/upload-image - Body: undefined
2025-09-04T01:43:38.154Z - GET /admin/login - Body: undefined
2025-09-04T01:43:38.248Z - POST /admin/login - Body: {"username":"admin","password":"admin123"}
2025-09-04T01:43:38.473Z - POST /admin/api/news/upload-image - Body: undefined
2025-09-04T01:49:11.963Z - GET /admin/login - Body: undefined
2025-09-04T01:49:12.032Z - POST /admin/login - Body: {"username":"admin","password":"admin123"}
2025-09-04T01:49:12.262Z - POST /admin/api/news/upload-image - Body: undefined
2025-09-04T01:49:33.027Z - GET /admin/news - Body: undefined
2025-09-04T01:49:33.644Z - GET /.well-known/appspecific/com.chrome.devtools.json - Body: undefined
2025-09-04T01:49:33.921Z - GET /admin/api/news/stats - Body: undefined
2025-09-04T01:49:33.953Z - GET /admin/api/news? - Body: undefined
2025-09-04T01:50:24.139Z - GET /admin/login - Body: undefined
2025-09-04T01:50:24.262Z - POST /admin/login - Body: {"username":"admin","password":"admin123"}
2025-09-04T01:50:24.485Z - POST /admin/api/news/upload-image - Body: undefined
2025-09-04T01:50:34.017Z - GET /admin/news - Body: undefined
2025-09-04T01:50:34.487Z - GET /.well-known/appspecific/com.chrome.devtools.json - Body: undefined
2025-09-04T01:50:34.625Z - GET /admin/api/news/stats - Body: undefined
2025-09-04T01:50:34.652Z - GET /admin/api/news? - Body: undefined
2025-09-04T01:51:40.517Z - GET /admin/login - Body: undefined
2025-09-04T01:51:40.626Z - POST /admin/login - Body: {"username":"admin","password":"admin123"}
2025-09-04T01:51:40.822Z - POST /admin/api/news/upload-image - Body: undefined
2025-09-04T01:51:47.417Z - GET /admin/news?ide_webview_request_time=1756950707333 - Body: undefined
2025-09-04T01:51:47.435Z - GET /admin/login - Body: undefined
2025-09-04T01:51:47.714Z - GET /@vite/client - Body: undefined
2025-09-04T01:53:15.548Z - GET /admin/news - Body: undefined
2025-09-04T01:53:15.770Z - GET /.well-known/appspecific/com.chrome.devtools.json - Body: undefined
2025-09-04T01:53:16.008Z - GET /admin/api/news/stats - Body: undefined
2025-09-04T01:53:16.014Z - GET /admin/api/news? - Body: undefined
2025-09-04T01:53:21.451Z - DELETE /admin/api/news/3 - Body: undefined
2025-09-04T01:53:21.589Z - GET /admin/api/news/stats - Body: undefined
2025-09-04T01:53:21.591Z - GET /admin/api/news? - Body: undefined
2025-09-04T01:53:26.423Z - DELETE /admin/api/news/2 - Body: undefined
2025-09-04T01:53:26.450Z - GET /admin/api/news/stats - Body: undefined
2025-09-04T01:53:26.452Z - GET /admin/api/news? - Body: undefined
2025-09-04T01:53:33.941Z - GET /admin/news - Body: undefined
2025-09-04T01:53:33.975Z - GET /.well-known/appspecific/com.chrome.devtools.json - Body: undefined
2025-09-04T01:53:34.047Z - GET /admin/api/news? - Body: undefined
2025-09-04T01:53:34.049Z - GET /admin/api/news/stats - Body: undefined
2025-09-04T01:54:05.087Z - POST /admin/api/news - Body: {"title":"gitu aja marah","content":"<p>ah gitu aja coba buat yang lebih menarik</p>","excerpt":"bodo si","featured_image":"","status":"published"}
2025-09-04T01:54:05.163Z - GET /admin/api/news? - Body: undefined
2025-09-04T01:54:05.165Z - GET /admin/api/news/stats - Body: undefined
2025-09-04T01:54:14.814Z - GET /berita - Body: undefined
2025-09-04T01:54:14.994Z - GET /.well-known/appspecific/com.chrome.devtools.json - Body: undefined
2025-09-04T01:54:15.255Z - GET /js/jarallax.min.js.map - Body: undefined
2025-09-04T01:55:11.217Z - GET /berita?ide_webview_request_time=1756950911075 - Body: undefined
2025-09-04T01:55:11.803Z - GET /@vite/client - Body: undefined
2025-09-04T01:58:51.376Z - GET /berita?ide_webview_request_time=1756950911075 - Body: undefined
2025-09-04T01:58:51.905Z - GET /@vite/client - Body: undefined
2025-09-04T01:59:46.055Z - GET /berita?ide_webview_request_time=1756951185647 - Body: undefined
2025-09-04T01:59:46.664Z - GET /@vite/client - Body: undefined
2025-09-04T01:59:53.072Z - GET /berita/prestasi-siswa-smpit-baituljannah?ide_webview_request_time=1756951193019 - Body: undefined
2025-09-04T01:59:53.309Z - GET /@vite/client - Body: undefined
2025-09-04T02:00:31.435Z - GET / - Body: undefined
2025-09-04T02:00:31.868Z - GET /@vite/client - Body: undefined
2025-09-04T02:10:21.340Z - GET / - Body: undefined
2025-09-04T02:10:27.780Z - GET /admin/dashboard - Body: undefined
2025-09-04T02:10:27.796Z - GET /admin/login - Body: undefined
2025-09-04T02:10:32.141Z - POST /admin/login - Body: {"username":"admin","password":"admin"}
2025-09-04T02:10:36.245Z - POST /admin/login - Body: {"username":"admin","password":"admin123"}
2025-09-04T02:10:37.587Z - GET /admin/dashboard - Body: undefined
2025-09-04T02:10:39.422Z - GET /admin/registrations - Body: undefined
2025-09-04T02:10:41.111Z - GET /admin/settings - Body: undefined
2025-09-04T02:10:41.837Z - GET /admin/registrations - Body: undefined
2025-09-04T02:10:42.303Z - GET /admin/dashboard - Body: undefined
2025-09-04T02:10:42.967Z - GET /admin/registrations - Body: undefined
2025-09-04T02:10:43.656Z - GET /admin/settings - Body: undefined
2025-09-04T02:10:49.264Z - GET /admin/settings/ne - Body: undefined
2025-09-04T02:10:53.250Z - GET /admin/settings/news - Body: undefined
2025-09-04T02:10:59.281Z - GET /admin/news - Body: undefined
2025-09-04T02:10:59.395Z - GET /admin/api/news/stats - Body: undefined
2025-09-04T02:10:59.396Z - GET /admin/api/news? - Body: undefined
2025-09-04T02:11:08.010Z - GET /berita - Body: undefined
2025-09-04T02:11:12.937Z - GET /berita/prestasi-siswa-smpit-baituljannah - Body: undefined
2025-09-04T02:40:08.783Z - GET / - Body: undefined
2025-09-04T03:02:19.821Z - GET /berita/prestasi-siswa-smpit-baituljannah - Body: undefined
2025-09-04T03:02:24.530Z - GET / - Body: undefined
2025-09-04T03:02:49.984Z - GET /.well-known/appspecific/com.chrome.devtools.json - Body: undefined
2025-09-04T03:02:50.127Z - GET /admin/api/news/stats - Body: undefined
2025-09-04T03:02:50.150Z - GET /admin/api/news? - Body: undefined
2025-09-04T03:02:52.352Z - GET /admin/api/news? - Body: undefined
2025-09-04T03:02:53.167Z - GET /admin/api/news? - Body: undefined
2025-09-04T03:02:53.344Z - GET /admin/api/news? - Body: undefined
2025-09-04T03:07:21.039Z - GET /berita - Body: undefined
2025-09-04T03:07:39.917Z - GET /admin/dashboard - Body: undefined
2025-09-04T03:07:40.029Z - GET /admin/login - Body: undefined
2025-09-04T03:07:44.747Z - POST /admin/login - Body: {"username":"admin","password":"admin123"}
2025-09-04T03:07:44.915Z - GET /admin/dashboard - Body: undefined
2025-09-04T03:07:47.105Z - GET /admin/news - Body: undefined
2025-09-04T03:07:47.188Z - GET /admin/api/news/stats - Body: undefined
2025-09-04T03:07:47.190Z - GET /admin/api/news? - Body: undefined
2025-09-04T03:08:06.511Z - POST /admin/api/news - Body: {"title":"aditya","content":"<p>asdadads</p>","excerpt":"asdad","featured_image":"","status":"published"}
2025-09-04T03:08:06.544Z - GET /admin/api/news/stats - Body: undefined
2025-09-04T03:08:06.545Z - GET /admin/api/news? - Body: undefined
2025-09-04T03:08:10.212Z - GET /admin/news - Body: undefined
2025-09-04T03:08:10.328Z - GET /admin/api/news/stats - Body: undefined
2025-09-04T03:08:10.329Z - GET /admin/api/news? - Body: undefined
2025-09-04T03:08:19.399Z - GET /berita - Body: undefined
2025-09-04T10:18:52.806Z - GET / - Body: undefined
2025-09-04T10:20:03.267Z - GET /daftar-siswa - Body: undefined
2025-09-04T10:20:03.677Z - GET /img/general/logo-white.svg - Body: undefined
2025-09-05T10:10:58.367Z - GET /?ide_webview_request_time=1757067058067 - Body: undefined
2025-09-05T10:10:58.593Z - GET /img/logo%20sma.png - Body: undefined
2025-09-05T10:10:58.925Z - GET /img/logo%20sma.png - Body: undefined
2025-09-05T10:10:59.062Z - GET /@vite/client - Body: undefined
2025-09-05T10:18:49.457Z - GET /?ide_webview_request_time=1757067529200 - Body: undefined
2025-09-05T10:18:49.739Z - GET /img/berita/prestasi-tahfidz.jpg - Body: undefined
2025-09-05T10:18:49.751Z - GET /img/berita/pesantren-kilat.jpg - Body: undefined
2025-09-05T10:18:49.785Z - GET /img/berita/english-contest.jpg - Body: undefined
2025-09-05T10:18:50.388Z - GET /@vite/client - Body: undefined
2025-09-05T10:34:18.137Z - GET / - Body: undefined
2025-09-05T10:34:18.253Z - GET /img/berita/prestasi-tahfidz.jpg - Body: undefined
2025-09-05T10:34:18.262Z - GET /img/berita/pesantren-kilat.jpg - Body: undefined
2025-09-05T10:34:18.270Z - GET /img/berita/english-contest.jpg - Body: undefined
2025-09-05T10:37:08.148Z - GET /?ide_webview_request_time=1757068627702 - Body: undefined
2025-09-05T10:37:08.648Z - GET /img/berita/pesantren-kilat.jpg - Body: undefined
2025-09-05T10:37:08.676Z - GET /img/berita/prestasi-tahfidz.jpg - Body: undefined
2025-09-05T10:37:08.693Z - GET /img/berita/english-contest.jpg - Body: undefined
2025-09-05T10:37:09.410Z - GET /@vite/client - Body: undefined
2025-09-05T10:37:33.120Z - GET / - Body: undefined
2025-09-05T10:37:33.444Z - GET /img/berita/prestasi-tahfidz.jpg - Body: undefined
2025-09-05T10:37:33.456Z - GET /img/berita/english-contest.jpg - Body: undefined
2025-09-05T10:37:33.467Z - GET /img/berita/pesantren-kilat.jpg - Body: undefined
2025-09-05T10:38:48.751Z - GET /?ide_webview_request_time=1757068728544 - Body: undefined
2025-09-05T10:38:49.100Z - GET /img/berita/prestasi-tahfidz.jpg - Body: undefined
2025-09-05T10:38:49.107Z - GET /img/berita/pesantren-kilat.jpg - Body: undefined
2025-09-05T10:38:49.122Z - GET /img/berita/english-contest.jpg - Body: undefined
2025-09-05T10:38:49.743Z - GET /@vite/client - Body: undefined
2025-09-05T10:44:45.322Z - GET / - Body: undefined
2025-09-05T10:44:45.626Z - GET /img/berita/pesantren-kilat.jpg - Body: undefined
2025-09-05T10:44:45.640Z - GET /img/berita/english-contest.jpg - Body: undefined
2025-09-05T10:44:45.658Z - GET /img/berita/prestasi-tahfidz.jpg - Body: undefined
2025-09-05T10:44:50.455Z - GET /faq - Body: undefined
2025-09-05T10:44:57.942Z - GET /konsultasi - Body: undefined
2025-09-05T10:46:02.932Z - GET /?ide_webview_request_time=1757069162736 - Body: undefined
2025-09-05T10:46:03.218Z - GET /img/berita/prestasi-tahfidz.jpg - Body: undefined
2025-09-05T10:46:03.230Z - GET /img/berita/pesantren-kilat.jpg - Body: undefined
2025-09-05T10:46:03.240Z - GET /img/berita/english-contest.jpg - Body: undefined
2025-09-05T10:46:04.005Z - GET /@vite/client - Body: undefined
2025-09-05T10:46:24.292Z - GET /konsultasi - Body: undefined
2025-09-05T10:46:27.124Z - GET /faq - Body: undefined
2025-09-05T10:48:15.752Z - GET /?ide_webview_request_time=1757069295546 - Body: undefined
2025-09-05T10:48:15.966Z - GET /img/berita/pesantren-kilat.jpg - Body: undefined
2025-09-05T10:48:15.974Z - GET /img/berita/prestasi-tahfidz.jpg - Body: undefined
2025-09-05T10:48:15.984Z - GET /img/berita/english-contest.jpg - Body: undefined
2025-09-05T10:48:16.331Z - GET /@vite/client - Body: undefined
2025-09-05T10:51:09.525Z - GET / - Body: undefined
2025-09-05T10:51:09.768Z - GET /img/berita/english-contest.jpg - Body: undefined
2025-09-05T10:51:09.799Z - GET /img/berita/prestasi-tahfidz.jpg - Body: undefined
2025-09-05T10:51:09.802Z - GET /img/berita/pesantren-kilat.jpg - Body: undefined
2025-09-05T10:51:14.864Z - GET /informasi-pendaftaran - Body: undefined
2025-09-05T10:51:39.687Z - GET /?ide_webview_request_time=1757069499475 - Body: undefined
2025-09-05T10:51:39.943Z - GET /img/berita/pesantren-kilat.jpg - Body: undefined
2025-09-05T10:51:39.954Z - GET /img/berita/prestasi-tahfidz.jpg - Body: undefined
2025-09-05T10:51:39.977Z - GET /img/berita/english-contest.jpg - Body: undefined
2025-09-05T10:51:40.659Z - GET /@vite/client - Body: undefined
2025-09-05T10:57:59.946Z - GET /informasi-pendaftaran?ide_webview_request_time=1757069879789 - Body: undefined
2025-09-05T10:58:00.199Z - GET /@vite/client - Body: undefined
2025-09-05T11:14:17.375Z - GET /informasi-pendaftaran?ide_webview_request_time=1757069879789 - Body: undefined
2025-09-05T11:14:18.244Z - GET /@vite/client - Body: undefined
2025-09-05T11:15:20.698Z - HEAD /informasi-pendaftaran - Body: undefined
2025-09-05T11:15:48.704Z - GET /informasi-pendaftaran?ide_webview_request_time=1757070948587 - Body: undefined
2025-09-05T11:15:49.154Z - GET /@vite/client - Body: undefined
2025-09-05T11:16:02.710Z - GET /informasi-pendaftaran - Body: undefined
2025-09-05T11:16:53.242Z - GET /informasi-pendaftaran - Body: undefined
2025-09-05T11:17:21.857Z - GET /informasi-pendaftaran - Body: undefined
2025-09-05T11:17:36.239Z - GET /informasi-pendaftaran?ide_webview_request_time=1757071055945 - Body: undefined
2025-09-05T11:17:37.362Z - GET /@vite/client - Body: undefined
2025-09-05T11:18:15.105Z - GET /test-route-debug - Body: undefined
2025-09-05T11:18:31.474Z - GET / - Body: undefined
2025-09-05T11:20:28.313Z - GET /early-test - Body: undefined
2025-09-05T11:31:24.674Z - GET /early-test - Body: undefined
2025-09-05T11:32:05.722Z - GET / - Body: undefined
2025-09-05T11:32:29.246Z - GET /early-test - Body: undefined
2025-09-05T11:32:50.688Z - GET /early-test - Body: undefined
2025-09-05T11:34:02.318Z - GET /early-test - Body: undefined
2025-09-05T11:35:56.099Z - GET /early-test - Body: undefined
2025-09-05T11:36:29.669Z - GET /simple-test - Body: undefined
2025-09-05T11:36:46.804Z - GET /early-test - Body: undefined
2025-09-05T11:36:59.863Z - GET /emergency-test-final - Body: undefined
2025-09-05T11:37:31.282Z - GET /informasi-pendaftaran?ide_webview_request_time=1757071055945 - Body: undefined
2025-09-05T11:37:32.063Z - GET /@vite/client - Body: undefined
2025-09-05T11:38:13.066Z - GET /new-test-route - Body: undefined
2025-09-05T11:38:19.300Z - GET /simple-test - Body: undefined
2025-09-05T11:38:53.313Z - GET /early-test - Body: undefined
2025-09-05T11:39:01.019Z - GET /informasi-pendaftaran - Body: undefined
2025-09-05T11:39:54.850Z - GET /early-test - Body: undefined
2025-09-05T11:40:06.930Z - GET /?ide_webview_request_time=1757072406785 - Body: undefined
2025-09-05T11:40:07.434Z - GET /img/berita/prestasi-tahfidz.jpg - Body: undefined
2025-09-05T11:40:07.441Z - GET /img/berita/pesantren-kilat.jpg - Body: undefined
2025-09-05T11:40:07.484Z - GET /img/berita/english-contest.jpg - Body: undefined
2025-09-05T11:40:08.031Z - GET /@vite/client - Body: undefined
2025-09-05T11:40:40.418Z - GET /ultra-test - Body: undefined
2025-09-05T11:41:16.406Z - GET / - Body: undefined
2025-09-05T11:42:18.575Z - GET /immediate-test - Body: undefined
2025-09-05T11:43:09.564Z - GET /super-early-test - Body: undefined
2025-09-05T11:47:45.135Z - GET /informasi-pendaftaran - Body: undefined
2025-09-05T11:48:17.441Z - GET /minimal-test - Body: undefined
2025-09-05T11:53:43.384Z - GET /informasi-pendaftaran - Body: undefined
2025-09-05T11:54:30.623Z - GET /informasi-pendaftaran - Body: undefined
2025-09-05T11:55:07.582Z - GET /informasi-pendaftaran - Body: undefined
2025-09-05T11:55:19.880Z - GET / - Body: undefined
2025-09-05T11:55:32.625Z - GET /informasi-pendaftaran - Body: undefined
2025-09-05T11:56:04.180Z - GET /informasi-pendaftaran - Body: undefined
2025-09-05T11:56:44.791Z - GET /informasi-pendaftaran - Body: undefined
2025-09-05T11:56:56.208Z - GET /informasi-pendaftaran?ide_webview_request_time=1757073416136 - Body: undefined
2025-09-05T11:56:56.463Z - GET /@vite/client - Body: undefined
2025-09-05T12:04:15.337Z - GET /informasi-pendaftaran - Body: undefined
2025-09-05T12:04:19.907Z - GET /.well-known/appspecific/com.chrome.devtools.json - Body: undefined
2025-09-05T12:04:22.914Z - GET /informasi-pendaftaran - Body: undefined
2025-09-05T12:04:22.956Z - GET /.well-known/appspecific/com.chrome.devtools.json - Body: undefined
2025-09-05T12:12:50.762Z - GET /informasi-pendaftaran?ide_webview_request_time=1757074370390 - Body: undefined
2025-09-05T12:12:51.555Z - GET /@vite/client - Body: undefined
2025-09-05T12:13:33.075Z - GET /informasi-pendaftaran?ide_webview_request_time=1757074370390 - Body: undefined
2025-09-05T12:13:33.583Z - GET /@vite/client - Body: undefined
2025-09-05T12:16:37.358Z - GET /informasi-pendaftaran?ide_webview_request_time=1757074597076 - Body: undefined
2025-09-05T12:16:37.856Z - GET /@vite/client - Body: undefined
2025-09-05T12:17:05.263Z - GET /informasi-pendaftaran?ide_webview_request_time=1757074597076 - Body: undefined
2025-09-05T12:17:05.591Z - GET /@vite/client - Body: undefined
2025-09-05T12:17:06.803Z - GET /informasi-pendaftaran?ide_webview_request_time=1757074597076 - Body: undefined
2025-09-05T12:17:06.863Z - GET /@vite/client - Body: undefined
2025-09-05T12:17:07.539Z - GET /informasi-pendaftaran?ide_webview_request_time=1757074597076 - Body: undefined
2025-09-05T12:17:07.591Z - GET /@vite/client - Body: undefined
2025-09-05T12:17:08.147Z - GET /informasi-pendaftaran?ide_webview_request_time=1757074597076 - Body: undefined
2025-09-05T12:17:08.204Z - GET /@vite/client - Body: undefined
2025-09-05T12:17:08.345Z - GET /informasi-pendaftaran?ide_webview_request_time=1757074597076 - Body: undefined
2025-09-05T12:17:08.394Z - GET /@vite/client - Body: undefined
2025-09-05T12:17:08.542Z - GET /informasi-pendaftaran?ide_webview_request_time=1757074597076 - Body: undefined
2025-09-05T12:17:08.588Z - GET /@vite/client - Body: undefined
2025-09-05T12:17:08.710Z - GET /informasi-pendaftaran?ide_webview_request_time=1757074597076 - Body: undefined
2025-09-05T12:17:08.754Z - GET /@vite/client - Body: undefined
2025-09-05T12:17:08.894Z - GET /informasi-pendaftaran?ide_webview_request_time=1757074597076 - Body: undefined
2025-09-05T12:17:08.944Z - GET /@vite/client - Body: undefined
2025-09-05T12:17:09.077Z - GET /informasi-pendaftaran?ide_webview_request_time=1757074597076 - Body: undefined
2025-09-05T12:17:09.126Z - GET /@vite/client - Body: undefined
2025-09-05T12:17:09.251Z - GET /informasi-pendaftaran?ide_webview_request_time=1757074597076 - Body: undefined
2025-09-05T12:17:09.294Z - GET /@vite/client - Body: undefined
2025-09-05T12:17:09.446Z - GET /informasi-pendaftaran?ide_webview_request_time=1757074597076 - Body: undefined
2025-09-05T12:17:09.494Z - GET /@vite/client - Body: undefined
2025-09-05T12:17:09.657Z - GET /informasi-pendaftaran?ide_webview_request_time=1757074597076 - Body: undefined
2025-09-05T12:17:09.708Z - GET /@vite/client - Body: undefined
2025-09-05T12:17:09.855Z - GET /informasi-pendaftaran?ide_webview_request_time=1757074597076 - Body: undefined
2025-09-05T12:17:09.909Z - GET /@vite/client - Body: undefined
2025-09-05T12:17:10.076Z - GET /informasi-pendaftaran?ide_webview_request_time=1757074597076 - Body: undefined
2025-09-05T12:17:10.125Z - GET /@vite/client - Body: undefined
2025-09-05T12:25:32.627Z - GET /informasi-pendaftaran?ide_webview_request_time=1757075132360 - Body: undefined
2025-09-05T12:25:32.988Z - GET /img/home-1/hero/shape.svg - Body: undefined
2025-09-05T12:25:33.016Z - GET /img/home-1/hero/hero.png - Body: undefined
2025-09-05T12:25:33.498Z - GET /@vite/client - Body: undefined
2025-09-05T12:30:40.688Z - GET /informasi-pendaftaran?ide_webview_request_time=1757075132360 - Body: undefined
2025-09-05T12:30:41.042Z - GET /img/home-1/hero/shape.svg - Body: undefined
2025-09-05T12:30:41.077Z - GET /img/home-1/hero/hero.png - Body: undefined
2025-09-05T12:30:41.214Z - GET /@vite/client - Body: undefined
2025-09-05T12:30:42.042Z - GET /informasi-pendaftaran?ide_webview_request_time=1757075132360 - Body: undefined
2025-09-05T12:30:42.078Z - GET /img/home-1/hero/shape.svg - Body: undefined
2025-09-05T12:30:42.086Z - GET /img/home-1/hero/hero.png - Body: undefined
2025-09-05T12:30:42.163Z - GET /@vite/client - Body: undefined
2025-09-05T12:31:12.467Z - GET /informasi-pendaftaran?ide_webview_request_time=1757075472303 - Body: undefined
2025-09-05T12:31:12.693Z - GET /img/home-1/hero/shape.svg - Body: undefined
2025-09-05T12:31:12.709Z - GET /img/home-1/hero/hero.png - Body: undefined
2025-09-05T12:31:12.862Z - GET /@vite/client - Body: undefined
2025-09-05T12:32:10.141Z - GET /informasi-pendaftaran?ide_webview_request_time=1757075529766 - Body: undefined
2025-09-05T12:32:10.456Z - GET /img/home-1/hero/shape.svg - Body: undefined
2025-09-05T12:32:10.539Z - GET /img/home-1/hero/hero.png - Body: undefined
2025-09-05T12:32:11.011Z - GET /@vite/client - Body: undefined
2025-09-05T12:32:50.200Z - GET /informasi-pendaftaran - Body: undefined
2025-09-05T12:32:50.367Z - GET /.well-known/appspecific/com.chrome.devtools.json - Body: undefined
2025-09-05T12:32:50.462Z - GET /img/home-1/hero/shape.svg - Body: undefined
2025-09-05T12:32:50.470Z - GET /img/home-1/hero/hero.png - Body: undefined
2025-09-05T12:33:48.116Z - GET /informasi-pendaftaran?ide_webview_request_time=1757075627825 - Body: undefined
2025-09-05T12:33:48.586Z - GET /@vite/client - Body: undefined
2025-09-05T12:34:08.141Z - GET /informasi-pendaftaran?ide_webview_request_time=1757075627825 - Body: undefined
2025-09-05T12:34:08.409Z - GET /@vite/client - Body: undefined
2025-09-05T12:34:09.392Z - GET /informasi-pendaftaran?ide_webview_request_time=1757075627825 - Body: undefined
2025-09-05T12:34:09.476Z - GET /@vite/client - Body: undefined
2025-09-05T12:34:10.192Z - GET /informasi-pendaftaran?ide_webview_request_time=1757075627825 - Body: undefined
2025-09-05T12:34:10.281Z - GET /@vite/client - Body: undefined
2025-09-05T12:36:41.266Z - GET /informasi-pendaftaran?ide_webview_request_time=1757075627825 - Body: undefined
2025-09-05T12:36:41.807Z - GET /@vite/client - Body: undefined
2025-09-05T12:37:12.042Z - GET /informasi-pendaftaran - Body: undefined
2025-09-05T12:37:12.383Z - GET /.well-known/appspecific/com.chrome.devtools.json - Body: undefined
2025-09-05T12:37:13.227Z - GET /js/jarallax.min.js.map - Body: undefined
2025-09-05T12:37:46.010Z - GET /program-unggulan - Body: undefined
2025-09-05T12:42:03.613Z - GET /informasi-pendaftaran?ide_webview_request_time=1757075627825 - Body: undefined
2025-09-05T12:42:04.268Z - GET /@vite/client - Body: undefined
2025-09-05T12:43:44.334Z - GET /informasi-pendaftaran?ide_webview_request_time=1757076224051 - Body: undefined
2025-09-05T12:43:44.980Z - GET /@vite/client - Body: undefined
2025-09-05T12:46:07.877Z - GET /program-unggulan - Body: undefined
2025-09-05T12:46:14.828Z - GET /informasi-pendaftaran - Body: undefined
2025-09-05T12:50:35.989Z - GET /informasi-pendaftaran?ide_webview_request_time=1757076635606 - Body: undefined
2025-09-05T12:50:36.933Z - GET /@vite/client - Body: undefined
2025-09-05T12:56:35.392Z - GET /informasi-pendaftaran - Body: undefined
2025-09-05T13:04:13.908Z - GET /informasi-pendaftaran?ide_webview_request_time=1757076635606 - Body: undefined
2025-09-05T13:04:14.409Z - GET /@vite/client - Body: undefined
2025-09-05T13:06:51.067Z - GET /informasi-pendaftaran?ide_webview_request_time=1757077610923 - Body: undefined
2025-09-05T13:06:51.521Z - GET /@vite/client - Body: undefined
2025-09-05T13:11:30.386Z - GET /informasi-pendaftaran - Body: undefined
2025-09-05T13:14:08.964Z - GET /informasi-pendaftaran?ide_webview_request_time=1757077610923 - Body: undefined
2025-09-05T13:14:09.634Z - GET /@vite/client - Body: undefined
2025-09-05T13:15:28.110Z - GET /informasi-pendaftaran - Body: undefined
2025-09-05T13:16:19.525Z - GET /informasi-pendaftaran?ide_webview_request_time=1757078179428 - Body: undefined
2025-09-05T13:16:19.823Z - GET /@vite/client - Body: undefined
2025-09-05T13:16:50.111Z - GET /informasi-pendaftaran - Body: undefined
2025-09-05T13:18:29.633Z - GET /informasi-pendaftaran - Body: undefined
2025-09-05T13:18:30.578Z - GET /informasi-pendaftaran - Body: undefined
2025-09-05T13:19:19.639Z - GET /informasi-pendaftaran?ide_webview_request_time=1757078179428 - Body: undefined
2025-09-05T13:19:19.792Z - GET /informasi-pendaftaran?ide_webview_request_time=1757078179428 - Body: undefined
2025-09-05T13:19:20.641Z - GET /@vite/client - Body: undefined
2025-09-05T13:21:02.875Z - GET /informasi-pendaftaran - Body: undefined
2025-09-05T13:22:31.906Z - GET /informasi-pendaftaran?ide_webview_request_time=1757078179428 - Body: undefined
2025-09-05T13:22:32.459Z - GET /@vite/client - Body: undefined
2025-09-05T13:23:04.449Z - GET /informasi-pendaftaran - Body: undefined
2025-09-05T13:23:37.688Z - GET /informasi-pendaftaran?ide_webview_request_time=1757078617609 - Body: undefined
2025-09-05T13:23:38.090Z - GET /@vite/client - Body: undefined
2025-09-05T13:24:09.613Z - GET /informasi-pendaftaran - Body: undefined
2025-09-05T13:24:55.999Z - GET /informasi-pendaftaran?ide_webview_request_time=1757078695762 - Body: undefined
2025-09-05T13:24:56.322Z - GET /@vite/client - Body: undefined
2025-09-05T13:26:18.283Z - GET /informasi-pendaftaran - Body: undefined
2025-09-05T13:27:07.050Z - GET /informasi-pendaftaran?ide_webview_request_time=1757078826871 - Body: undefined
2025-09-05T13:27:07.403Z - GET /@vite/client - Body: undefined
2025-09-05T13:27:42.374Z - GET /informasi-pendaftaran - Body: undefined
2025-09-05T13:29:23.542Z - GET /informasi-pendaftaran?ide_webview_request_time=1757078826871 - Body: undefined
2025-09-05T13:29:24.467Z - GET /@vite/client - Body: undefined
2025-09-05T13:30:46.007Z - GET /informasi-pendaftaran - Body: undefined
2025-09-05T13:31:01.713Z - GET /informasi-pendaftaran - Body: undefined
2025-09-05T13:31:03.568Z - GET /daftar-siswa - Body: undefined
2025-09-05T13:31:03.897Z - GET /img/general/logo-white.svg - Body: undefined
2025-09-05T13:31:18.558Z - GET /login - Body: undefined
2025-09-05T13:31:23.896Z - GET / - Body: undefined
2025-09-05T13:31:24.065Z - GET /img/berita/prestasi-tahfidz.jpg - Body: undefined
2025-09-05T13:31:24.074Z - GET /img/berita/pesantren-kilat.jpg - Body: undefined
2025-09-05T13:31:24.090Z - GET /img/berita/english-contest.jpg - Body: undefined
2025-09-05T13:31:52.194Z - GET /visi-misi - Body: undefined
2025-09-05T13:32:04.051Z - GET /fasilitas - Body: undefined
2025-09-05T13:32:08.879Z - GET /berita - Body: undefined
2025-09-05T13:33:17.486Z - GET /informasi-pendaftaran?ide_webview_request_time=1757078826871 - Body: undefined
2025-09-05T13:33:18.569Z - GET /@vite/client - Body: undefined
2025-09-05T13:35:28.555Z - GET / - Body: undefined
2025-09-05T13:35:28.683Z - GET /img/berita/prestasi-tahfidz.jpg - Body: undefined
2025-09-05T13:35:28.695Z - GET /img/berita/pesantren-kilat.jpg - Body: undefined
2025-09-05T13:35:28.709Z - GET /img/berita/english-contest.jpg - Body: undefined
2025-09-05T13:35:32.364Z - GET / - Body: undefined
2025-09-05T13:35:32.428Z - GET /img/berita/prestasi-tahfidz.jpg - Body: undefined
2025-09-05T13:35:32.436Z - GET /img/berita/pesantren-kilat.jpg - Body: undefined
2025-09-05T13:35:32.452Z - GET /img/berita/english-contest.jpg - Body: undefined
2025-09-05T13:35:34.575Z - GET / - Body: undefined
2025-09-05T13:35:34.639Z - GET /img/berita/prestasi-tahfidz.jpg - Body: undefined
2025-09-05T13:35:34.646Z - GET /img/berita/pesantren-kilat.jpg - Body: undefined
2025-09-05T13:35:34.658Z - GET /img/berita/english-contest.jpg - Body: undefined
2025-09-05T13:35:36.337Z - GET / - Body: undefined
2025-09-05T13:35:36.389Z - GET /img/berita/prestasi-tahfidz.jpg - Body: undefined
2025-09-05T13:35:36.392Z - GET /img/berita/pesantren-kilat.jpg - Body: undefined
2025-09-05T13:35:36.395Z - GET /img/berita/english-contest.jpg - Body: undefined
2025-09-05T13:35:40.524Z - GET /.well-known/appspecific/com.chrome.devtools.json - Body: undefined
2025-09-05T13:35:40.634Z - GET /js/jarallax.min.js.map - Body: undefined
2025-09-05T13:37:14.127Z - GET /?ide_webview_request_time=1757079433949 - Body: undefined
2025-09-05T13:37:14.360Z - GET /img/berita/prestasi-tahfidz.jpg - Body: undefined
2025-09-05T13:37:14.366Z - GET /img/berita/pesantren-kilat.jpg - Body: undefined
2025-09-05T13:37:14.469Z - GET /img/berita/english-contest.jpg - Body: undefined
2025-09-05T13:37:14.955Z - GET /@vite/client - Body: undefined
2025-09-05T14:05:07.577Z - GET /?ide_webview_request_time=1757079433949 - Body: undefined
2025-09-05T14:05:07.674Z - GET /?ide_webview_request_time=1757079433949 - Body: undefined
2025-09-05T14:05:07.822Z - GET /img/berita/prestasi-tahfidz.jpg - Body: undefined
2025-09-05T14:05:07.826Z - GET /img/berita/pesantren-kilat.jpg - Body: undefined
2025-09-05T14:05:07.834Z - GET /img/berita/english-contest.jpg - Body: undefined
2025-09-05T14:05:07.889Z - GET /img/slider/DSC09327.webp - Body: undefined
2025-09-05T14:05:07.897Z - GET /img/slider/DSC09013.webp - Body: undefined
2025-09-05T14:05:08.224Z - GET /@vite/client - Body: undefined
2025-09-05T14:07:53.496Z - GET /?ide_webview_request_time=1757081273316 - Body: undefined
2025-09-05T14:07:53.746Z - GET /img/berita/prestasi-tahfidz.jpg - Body: undefined
2025-09-05T14:07:53.751Z - GET /img/berita/pesantren-kilat.jpg - Body: undefined
2025-09-05T14:07:53.769Z - GET /img/berita/english-contest.jpg - Body: undefined
2025-09-05T14:07:54.064Z - GET /@vite/client - Body: undefined
2025-09-05T14:14:04.155Z - POST /admin/api/news - Body: {"excerpt":"Syakira Siffa Ekiya, siswi kelas XII SMAIT Baitul Jannah, meraih empat medali (1 emas, 3 perak) dalam Kejuaraan Fun Swimming Invitasi Renang Lampung Piala Gubernur 2025, mengharumkan nama sekolah di tingkat provinsi.","title":"Siswi SMAIT Baitul Jannah, Syakira Siffa Ekiya, Sabet Empat Medali di Kejuaraan Renang Tingkat Provinsi","featured_image":"/uploads/news/syakira-prestasi-renang.jpg","content":"<p>Bandar Lampung  Syakira Siffa Ekiya, siswi kelas XII Hamzah bin Abdul Mutholib dari Sekolah Menengah Atas Islam Terpadu (SMAIT) Baitul Jannah, kembali mengukir prestasi membanggakan. Dalam Kejuaraan Fun Swimming Invitasi Renang Lampung Piala Gubernur 2025, Syakira berhasil meraih total empat medali, yang terdiri dari satu medali emas dan tiga medali perak, sekaligus mengharumkan nama sekolah di kancah provinsi.</p><p>Perolehan medali yang diraih Syakira menunjukkan dominasinya di berbagai gaya renang. Ia berhasil menyabet medali dalam kategori:</p><p> Medali Emas: Cabang 25M Gaya Bebas Putri</p><p> Medali Perak: Cabang 25M Gaya Dada Putri</p><p> Medali Perak: Cabang 50M Gaya Kupu-kupu Putri</p><p> Medali Perak: Cabang 25M Gaya Kupu-kupu Putri</p><p>Prestasi gemilang ini bukanlah hal yang mudah. Syakira dikenal memiliki etos kerja dan disiplin latihan yang sangat tinggi. Setiap medali yang ia raih adalah buah dari kerja keras, dedikasi, serta latihan intensif yang ia jalani selama berbulan-bulan, bahkan sambil menyeimbangkan dengan kegiatan akademisnya.</p><p>Dukungan penuh datang dari pihak sekolah dan keluarga. Kepala SMAIT Baitul Jannah dan seluruh jajaran guru serta staf mengucapkan selamat dan bangga atas pencapaian luar biasa ini. Prestasi Syakira adalah bukti nyata bahwa semangat juang dan ketekunan mampu menghasilkan pencapaian luar biasa. Kami berharap ini menjadi inspirasi bagi seluruh siswa-siswi SMAIT Baitul Jannah untuk terus menggali potensi diri, ujar salah satu perwakilan guru.</p><p>Dengan torehan ini, Syakira Siffa Ekiya membuktikan bahwa kombinasi antara pendidikan formal dan pengembangan bakat non-akademis dapat berjalan seiring. Pencapaian ini diharapkan menjadi motivasi besar baginya untuk terus mengukir prestasi lebih tinggi di masa mendatang, baik di tingkat nasional maupun internasional.</p>","status":"published"}
2025-09-05T14:14:04.231Z - GET /admin/login - Body: undefined
2025-09-05T14:16:35.763Z - GET /?ide_webview_request_time=1757081795395 - Body: undefined
2025-09-05T14:16:36.549Z - GET /img/berita/prestasi-tahfidz.jpg - Body: undefined
2025-09-05T14:16:36.556Z - GET /img/berita/pesantren-kilat.jpg - Body: undefined
2025-09-05T14:16:36.580Z - GET /img/berita/english-contest.jpg - Body: undefined
2025-09-05T14:16:36.871Z - GET /@vite/client - Body: undefined
2025-09-05T14:21:24.498Z - GET /visi-misi?ide_webview_request_time=1757082084340 - Body: undefined
2025-09-05T14:21:24.870Z - GET /@vite/client - Body: undefined
2025-09-05T14:22:19.076Z - GET /sejarah?ide_webview_request_time=1757082138917 - Body: undefined
2025-09-05T14:22:19.914Z - GET /@vite/client - Body: undefined
2025-09-05T14:22:44.474Z - GET /sejarah?ide_webview_request_time=1757082138917 - Body: undefined
2025-09-05T14:22:44.818Z - GET /@vite/client - Body: undefined
2025-09-05T14:22:47.072Z - GET /sejarah?ide_webview_request_time=1757082138917 - Body: undefined
2025-09-05T14:22:47.246Z - GET /@vite/client - Body: undefined
2025-09-05T14:23:04.003Z - GET / - Body: undefined
2025-09-05T14:23:04.192Z - GET /img/berita/prestasi-tahfidz.jpg - Body: undefined
2025-09-05T14:23:04.199Z - GET /img/berita/pesantren-kilat.jpg - Body: undefined
2025-09-05T14:23:04.205Z - GET /img/berita/english-contest.jpg - Body: undefined
2025-09-05T14:23:10.814Z - GET /fasilitas - Body: undefined
2025-09-05T14:25:25.077Z - GET /program-unggulan - Body: undefined
2025-09-05T14:25:26.079Z - GET /kurikulum - Body: undefined
2025-09-05T14:43:35.523Z - GET /sejarah?ide_webview_request_time=1757083415298 - Body: undefined
2025-09-05T14:43:35.871Z - GET /@vite/client - Body: undefined
2025-09-05T14:44:39.276Z - GET /sejarah?ide_webview_request_time=1757083415298 - Body: undefined
2025-09-05T14:44:39.671Z - GET /@vite/client - Body: undefined
2025-09-05T14:46:06.602Z - GET /?ide_webview_request_time=1757083566263 - Body: undefined
2025-09-05T14:46:06.964Z - GET /img/berita/prestasi-tahfidz.jpg - Body: undefined
2025-09-05T14:46:06.974Z - GET /img/berita/pesantren-kilat.jpg - Body: undefined
2025-09-05T14:46:06.991Z - GET /img/berita/english-contest.jpg - Body: undefined
2025-09-05T14:46:07.606Z - GET /@vite/client - Body: undefined
2025-09-05T14:59:00.458Z - GET /?ide_webview_request_time=1757084339403 - Body: undefined
2025-09-05T14:59:00.684Z - GET /img/LOGO%20ASRAMA.png - Body: undefined
2025-09-05T14:59:00.748Z - GET /img/berita/prestasi-tahfidz.jpg - Body: undefined
2025-09-05T14:59:00.750Z - GET /img/berita/pesantren-kilat.jpg - Body: undefined
2025-09-05T14:59:00.778Z - GET /img/berita/english-contest.jpg - Body: undefined
2025-09-05T14:59:00.967Z - GET /@vite/client - Body: undefined
2025-09-05T15:00:36.519Z - GET /admin/login - Body: undefined
2025-09-05T15:00:42.706Z - POST /admin/login - Body: {"username":"admin","password":"admin123"}
2025-09-05T15:00:43.071Z - GET /admin/dashboard - Body: undefined
2025-09-05T15:01:06.741Z - GET /.well-known/appspecific/com.chrome.devtools.json - Body: undefined
2025-09-05T15:01:06.870Z - GET /css/bootstrap/bootstrap.min.css.map - Body: undefined
2025-09-05T15:01:07.042Z - GET /js/bootstrap/bootstrap.bundle.min.js.map - Body: undefined
2025-09-05T15:01:09.267Z - GET /admin/dashboard - Body: undefined
2025-09-05T15:01:09.350Z - GET /.well-known/appspecific/com.chrome.devtools.json - Body: undefined
2025-09-05T15:01:09.408Z - GET /css/bootstrap/bootstrap.min.css.map - Body: undefined
2025-09-05T15:01:09.475Z - GET /js/bootstrap/bootstrap.bundle.min.js.map - Body: undefined
2025-09-05T15:04:21.043Z - GET /?ide_webview_request_time=1757084659859 - Body: undefined
2025-09-05T15:04:21.297Z - GET /img/LOGO%20ASRAMA.png - Body: undefined
2025-09-05T15:04:21.376Z - GET /img/berita/pesantren-kilat.jpg - Body: undefined
2025-09-05T15:04:21.393Z - GET /img/berita/prestasi-tahfidz.jpg - Body: undefined
2025-09-05T15:04:21.419Z - GET /img/berita/english-contest.jpg - Body: undefined
2025-09-05T15:04:22.694Z - GET /@vite/client - Body: undefined
2025-09-05T15:04:30.780Z - GET /admin?ide_webview_request_time=1757084669826 - Body: undefined
2025-09-05T15:04:30.812Z - GET /img/LOGO%20ASRAMA.png - Body: undefined
2025-09-05T15:04:32.411Z - GET /@vite/client - Body: undefined
2025-09-05T15:04:37.027Z - GET /admin/registrations?ide_webview_request_time=1757084676901 - Body: undefined
2025-09-05T15:04:37.054Z - GET /admin/login - Body: undefined
2025-09-05T15:04:39.183Z - GET /@vite/client - Body: undefined
2025-09-05T15:11:53.072Z - GET /admin/dashboard - Body: undefined
2025-09-05T15:11:54.111Z - GET /.well-known/appspecific/com.chrome.devtools.json - Body: undefined
2025-09-05T15:11:54.295Z - GET /css/bootstrap/bootstrap.min.css.map - Body: undefined
2025-09-05T15:11:54.362Z - GET /js/bootstrap/bootstrap.bundle.min.js.map - Body: undefined
2025-09-05T15:12:02.395Z - GET / - Body: undefined
2025-09-05T15:12:02.495Z - GET /.well-known/appspecific/com.chrome.devtools.json - Body: undefined
2025-09-05T15:12:02.529Z - GET /img/berita/prestasi-tahfidz.jpg - Body: undefined
2025-09-05T15:12:02.541Z - GET /img/LOGO%20ASRAMA.png - Body: undefined
2025-09-05T15:12:02.545Z - GET /img/berita/english-contest.jpg - Body: undefined
2025-09-05T15:12:02.556Z - GET /img/berita/pesantren-kilat.jpg - Body: undefined
2025-09-05T15:12:02.848Z - GET /js/jarallax.min.js.map - Body: undefined
2025-09-05T15:12:11.164Z - GET /berita - Body: undefined
2025-09-05T15:12:11.307Z - GET /img/LOGO%20ASRAMA.png - Body: undefined
2025-09-05T15:12:23.305Z - GET / - Body: undefined
2025-09-05T15:12:23.464Z - GET /img/LOGO%20ASRAMA.png - Body: undefined
2025-09-05T15:12:23.494Z - GET /img/berita/pesantren-kilat.jpg - Body: undefined
2025-09-05T15:12:23.503Z - GET /img/berita/english-contest.jpg - Body: undefined
2025-09-05T15:12:23.555Z - GET /img/berita/prestasi-tahfidz.jpg - Body: undefined
2025-09-05T15:13:30.082Z - GET /berita?ide_webview_request_time=1757085209871 - Body: undefined
2025-09-05T15:13:30.386Z - GET /img/LOGO%20ASRAMA.png - Body: undefined
2025-09-05T15:13:31.449Z - GET /@vite/client - Body: undefined
2025-09-05T15:14:51.605Z - GET /berita?ide_webview_request_time=1757085290232 - Body: undefined
2025-09-05T15:14:51.897Z - GET /img/LOGO%20ASRAMA.png - Body: undefined
2025-09-05T15:14:53.315Z - GET /@vite/client - Body: undefined
2025-09-05T15:16:12.628Z - GET /berita - Body: undefined
2025-09-05T15:16:22.220Z - GET /berita?ide_webview_request_time=1757085290232 - Body: undefined
2025-09-05T15:16:22.747Z - GET /img/LOGO%20ASRAMA.png - Body: undefined
2025-09-05T15:16:23.338Z - GET /@vite/client - Body: undefined
2025-09-05T15:17:56.148Z - GET /berita?ide_webview_request_time=1757085475250 - Body: undefined
2025-09-05T15:17:58.580Z - GET /img/LOGO%20ASRAMA.png - Body: undefined
2025-09-05T15:17:59.477Z - GET /@vite/client - Body: undefined
2025-09-05T15:34:02.525Z - GET /berita - Body: undefined
2025-09-05T15:35:09.709Z - GET /berita?ide_webview_request_time=1757086508997 - Body: undefined
2025-09-05T15:35:10.181Z - GET /img/LOGO%20ASRAMA.png - Body: undefined
2025-09-05T15:35:11.659Z - GET /@vite/client - Body: undefined
2025-09-05T15:35:34.522Z - GET /berita - Body: undefined
2025-09-05T15:41:33.206Z - GET /berita?ide_webview_request_time=1757086891951 - Body: undefined
2025-09-05T15:41:35.206Z - GET /img/LOGO%20ASRAMA.png - Body: undefined
2025-09-05T15:41:35.492Z - GET /@vite/client - Body: undefined
2025-09-05T15:42:05.915Z - GET /berita - Body: undefined
2025-09-05T17:37:24.848Z - GET /berita?ide_webview_request_time=1757093843688 - Body: undefined
2025-09-05T17:37:25.302Z - GET /img/LOGO%20ASRAMA.png - Body: undefined
2025-09-05T17:37:26.983Z - GET /@vite/client - Body: undefined
2025-09-05T17:37:38.061Z - GET /berita - Body: undefined
2025-09-05T17:38:09.487Z - GET /berita?ide_webview_request_time=1757093843688 - Body: undefined
2025-09-05T17:38:09.861Z - GET /img/LOGO%20ASRAMA.png - Body: undefined
2025-09-05T17:38:12.291Z - GET /berita?ide_webview_request_time=1757093843688 - Body: undefined
2025-09-05T17:38:12.337Z - GET /img/LOGO%20ASRAMA.png - Body: undefined
2025-09-05T17:38:13.065Z - GET /@vite/client - Body: undefined
2025-09-05T17:38:33.330Z - GET /berita - Body: undefined
2025-09-05T17:38:33.587Z - GET /img/LOGO%20ASRAMA.png - Body: undefined
2025-09-05T17:38:36.230Z - GET /berita - Body: undefined
2025-09-05T17:38:36.297Z - GET /img/LOGO%20ASRAMA.png - Body: undefined
2025-09-05T17:51:52.626Z - GET /berita?ide_webview_request_time=1757093843688 - Body: undefined
2025-09-05T17:51:57.068Z - GET /@vite/client - Body: undefined
2025-09-05T17:52:13.966Z - GET /berita - Body: undefined
2025-09-05T17:52:39.915Z - GET /berita?ide_webview_request_time=1757093843688 - Body: undefined
2025-09-05T17:52:40.105Z - GET /berita?ide_webview_request_time=1757093843688 - Body: undefined
2025-09-05T17:52:40.563Z - GET /@vite/client - Body: undefined
2025-09-05T17:53:15.489Z - GET /berita - Body: undefined
2025-09-05T17:57:31.708Z - GET /berita?ide_webview_request_time=1757093843688 - Body: undefined
2025-09-05T17:57:32.777Z - GET /@vite/client - Body: undefined
2025-09-05T17:59:58.527Z - GET /berita?ide_webview_request_time=1757093843688 - Body: undefined
2025-09-05T18:00:00.264Z - GET /@vite/client - Body: undefined
2025-09-05T18:00:11.747Z - GET /berita - Body: undefined
2025-09-05T18:05:12.689Z - GET /berita - Body: undefined
2025-09-05T18:05:15.458Z - GET / - Body: undefined
2025-09-05T18:05:15.540Z - GET /img/berita/prestasi-tahfidz.jpg - Body: undefined
2025-09-05T18:05:15.555Z - GET /img/berita/pesantren-kilat.jpg - Body: undefined
2025-09-05T18:05:15.574Z - GET /img/berita/english-contest.jpg - Body: undefined
2025-09-06T03:05:36.463Z - GET /berita?ide_webview_request_time=1757093843688 - Body: undefined
2025-09-06T03:05:39.644Z - GET /@vite/client - Body: undefined
2025-09-06T03:06:32.845Z - GET / - Body: undefined
2025-09-06T03:35:48.476Z - GET / - Body: undefined
2025-09-06T03:35:48.973Z - GET /img/berita/pesantren-kilat.jpg - Body: undefined
2025-09-06T03:35:49.049Z - GET /img/berita/english-contest.jpg - Body: undefined
2025-09-06T04:08:26.797Z - GET /berita?ide_webview_request_time=1757093843688 - Body: undefined
2025-09-06T04:08:29.835Z - GET /@vite/client - Body: undefined
2025-09-06T04:09:34.607Z - GET / - Body: undefined
2025-09-06T04:10:08.181Z - GET /berita - Body: undefined
2025-09-06T04:13:24.640Z - GET /berita - Body: undefined
2025-09-06T04:14:32.975Z - GET /berita?refresh=1 - Body: undefined
2025-09-06T04:14:33.892Z - GET /berita/fellix-fathul-ruzain-penghargaan-atlet-berprestasi-porserosi - Body: undefined
2025-09-06T04:15:48.239Z - GET /berita - Body: undefined
2025-09-06T04:25:26.187Z - GET /berita?ide_webview_request_time=1757093843688 - Body: undefined
2025-09-06T04:25:28.352Z - GET /@vite/client - Body: undefined
2025-09-06T04:25:45.221Z - GET /berita - Body: undefined
2025-09-06T04:27:34.291Z - GET /berita - Body: undefined
2025-09-06T04:46:57.894Z - GET /berita?ide_webview_request_time=1757093843688 - Body: undefined
2025-09-06T04:46:58.905Z - GET /@vite/client - Body: undefined
2025-09-06T04:47:12.277Z - GET /berita - Body: undefined
2025-09-06T04:47:14.776Z - GET /berita - Body: undefined
2025-09-06T04:48:53.132Z - GET /berita - Body: undefined
2025-09-06T04:54:00.988Z - GET /berita?ide_webview_request_time=1757134438942 - Body: undefined
2025-09-06T04:54:02.768Z - GET /uploads/news/fellix-prestasi.jpg - Body: undefined
2025-09-06T04:54:03.215Z - GET /@vite/client - Body: undefined
2025-09-06T04:54:58.599Z - GET /berita - Body: undefined
2025-09-06T04:54:58.992Z - GET /uploads/news/fellix-prestasi.jpg - Body: undefined
2025-09-06T04:56:34.796Z - GET /berita?ide_webview_request_time=1757134593477 - Body: undefined
2025-09-06T04:56:37.282Z - GET /@vite/client - Body: undefined
2025-09-06T04:58:49.841Z - GET /berita - Body: undefined
2025-09-06T04:59:10.977Z - GET / - Body: undefined
2025-09-06T04:59:11.497Z - GET /img/berita/pesantren-kilat.jpg - Body: undefined
2025-09-06T04:59:11.511Z - GET /img/berita/english-contest.jpg - Body: undefined
2025-09-06T05:04:40.176Z - GET /berita/1?ide_webview_request_time=1757135078579 - Body: undefined
2025-09-06T05:04:43.679Z - GET /@vite/client - Body: undefined
2025-09-06T05:05:09.568Z - GET /berita/2?ide_webview_request_time=1757135108930 - Body: undefined
2025-09-06T05:05:12.619Z - GET /@vite/client - Body: undefined
2025-09-06T05:05:19.450Z - GET /berita?ide_webview_request_time=1757135119385 - Body: undefined
2025-09-06T05:05:21.009Z - GET /@vite/client - Body: undefined
2025-09-06T05:08:53.557Z - GET / - Body: undefined
2025-09-06T05:08:53.893Z - GET /img/berita/pesantren-kilat.jpg - Body: undefined
2025-09-06T05:08:53.918Z - GET /img/berita/english-contest.jpg - Body: undefined
2025-09-06T05:08:58.081Z - GET / - Body: undefined
2025-09-06T05:08:58.137Z - GET /img/berita/pesantren-kilat.jpg - Body: undefined
2025-09-06T05:08:58.150Z - GET /img/berita/english-contest.jpg - Body: undefined
2025-09-06T05:09:05.737Z - GET /berita?ide_webview_request_time=1757135119385 - Body: undefined
2025-09-06T05:09:06.428Z - GET /@vite/client - Body: undefined
2025-09-06T05:09:10.609Z - GET / - Body: undefined
2025-09-06T05:09:10.659Z - GET /img/berita/pesantren-kilat.jpg - Body: undefined
2025-09-06T05:09:10.672Z - GET /img/berita/english-contest.jpg - Body: undefined
2025-09-06T05:09:15.105Z - GET / - Body: undefined
2025-09-06T05:09:15.161Z - GET /img/berita/pesantren-kilat.jpg - Body: undefined
2025-09-06T05:09:15.166Z - GET /img/berita/english-contest.jpg - Body: undefined
2025-09-06T05:09:40.656Z - GET / - Body: undefined
2025-09-06T05:09:41.549Z - GET /img/berita/pesantren-kilat.jpg - Body: undefined
2025-09-06T05:09:41.573Z - GET /img/berita/english-contest.jpg - Body: undefined
2025-09-06T05:09:44.999Z - GET /berita - Body: undefined
2025-09-06T05:10:14.039Z - GET /?ide_webview_request_time=1757135412758 - Body: undefined
2025-09-06T05:10:16.010Z - GET /img/berita/pesantren-kilat.jpg - Body: undefined
2025-09-06T05:10:16.027Z - GET /img/berita/english-contest.jpg - Body: undefined
2025-09-06T05:10:16.540Z - GET /@vite/client - Body: undefined
2025-09-06T05:12:31.050Z - GET /?ide_webview_request_time=1757135549303 - Body: undefined
2025-09-06T05:12:33.650Z - GET /@vite/client - Body: undefined
2025-09-06T05:14:21.185Z - GET /?ide_webview_request_time=1757135660296 - Body: undefined
2025-09-06T05:14:23.058Z - GET /@vite/client - Body: undefined
2025-09-06T05:15:16.536Z - GET / - Body: undefined
2025-09-06T05:16:00.870Z - GET /?ide_webview_request_time=1757135759766 - Body: undefined
2025-09-06T05:16:02.947Z - GET /@vite/client - Body: undefined
2025-09-06T05:16:20.054Z - GET / - Body: undefined
2025-09-06T05:16:45.171Z - GET / - Body: undefined
2025-09-06T05:17:06.993Z - GET / - Body: undefined
2025-09-06T05:17:08.828Z - GET /.well-known/appspecific/com.chrome.devtools.json - Body: undefined
2025-09-06T05:17:09.108Z - GET /js/jarallax.min.js.map - Body: undefined
2025-09-06T05:22:07.974Z - GET /?ide_webview_request_time=1757136126150 - Body: undefined
2025-09-06T05:22:11.967Z - GET /@vite/client - Body: undefined
2025-09-06T05:31:23.927Z - GET / - Body: undefined
2025-09-06T05:31:24.561Z - GET /.well-known/appspecific/com.chrome.devtools.json - Body: undefined
2025-09-06T05:31:25.171Z - GET /js/jarallax.min.js.map - Body: undefined
2025-09-06T05:34:16.914Z - GET /berita - Body: undefined
2025-09-06T05:34:21.034Z - GET /berita/2 - Body: undefined
2025-09-06T05:34:31.748Z - GET /berita - Body: undefined
2025-09-06T05:36:49.519Z - GET /?ide_webview_request_time=1757137008009 - Body: undefined
2025-09-06T05:36:50.618Z - GET /@vite/client - Body: undefined
2025-09-06T05:49:19.489Z - GET /?ide_webview_request_time=1757137008009 - Body: undefined
2025-09-06T05:49:23.121Z - GET /M.%20Akbar%20Habibie.jpg - Body: undefined
2025-09-06T05:49:24.251Z - GET /@vite/client - Body: undefined
2025-09-06T05:50:00.649Z - GET /berita/slug/paskibraka-akbar-khairinnissah?ide_webview_request_time=1757137798737 - Body: undefined
2025-09-06T05:50:03.300Z - GET /@vite/client - Body: undefined
2025-09-06T05:51:38.216Z - GET /?ide_webview_request_time=1757137897613 - Body: undefined
2025-09-06T05:51:40.901Z - GET /M.%20Akbar%20Habibie.jpg - Body: undefined
2025-09-06T05:51:41.852Z - GET /@vite/client - Body: undefined
2025-09-06T05:52:08.779Z - GET /berita/3?ide_webview_request_time=1757137926761 - Body: undefined
2025-09-06T05:52:10.559Z - GET /berita/M.%20Akbar%20Habibie.jpg - Body: undefined
2025-09-06T05:52:11.490Z - GET /@vite/client - Body: undefined
2025-09-06T05:58:56.650Z - GET / - Body: undefined
2025-09-06T05:58:57.475Z - GET /M.%20Akbar%20Habibie.jpg - Body: undefined
2025-09-06T05:59:06.332Z - GET /berita - Body: undefined
2025-09-06T05:59:06.837Z - GET /M.%20Akbar%20Habibie.jpg - Body: undefined
2025-09-06T05:59:24.629Z - GET /berita/3 - Body: undefined
2025-09-06T05:59:24.885Z - GET /berita/M.%20Akbar%20Habibie.jpg - Body: undefined
2025-09-06T06:04:54.934Z - GET / - Body: undefined
2025-09-06T06:04:55.499Z - GET /M.%20Akbar%20Habibie.jpg - Body: undefined
2025-09-06T06:08:50.969Z - GET /berita/slug/paskibraka-akbar-khairinnissah?ide_webview_request_time=1757138929359 - Body: undefined
2025-09-06T06:08:54.293Z - GET /@vite/client - Body: undefined
2025-09-06T06:09:14.179Z - GET /berita?ide_webview_request_time=1757138951327 - Body: undefined
2025-09-06T06:09:16.771Z - GET /uploads/news//uploads/news/Fellix%20Fathul%20Ruzain.jpg - Body: undefined
2025-09-06T06:09:16.803Z - GET /uploads/news//uploads/news/syakira-prestasi-renang.jpg - Body: undefined
2025-09-06T06:09:17.556Z - GET /@vite/client - Body: undefined
2025-09-06T06:09:33.714Z - GET / - Body: undefined
2025-09-06T06:09:34.830Z - GET /uploads/news//uploads/news/Fellix%20Fathul%20Ruzain.jpg - Body: undefined
2025-09-06T06:09:34.844Z - GET /uploads/news//uploads/news/syakira-prestasi-renang.jpg - Body: undefined
2025-09-06T06:09:42.043Z - GET /?ide_webview_request_time=1757138981100 - Body: undefined
2025-09-06T06:09:42.322Z - GET /uploads/news//uploads/news/Fellix%20Fathul%20Ruzain.jpg - Body: undefined
2025-09-06T06:09:42.366Z - GET /uploads/news//uploads/news/syakira-prestasi-renang.jpg - Body: undefined
2025-09-06T06:09:44.710Z - GET /@vite/client - Body: undefined
2025-09-06T06:09:47.016Z - GET / - Body: undefined
2025-09-06T06:09:47.223Z - GET /uploads/news//uploads/news/Fellix%20Fathul%20Ruzain.jpg - Body: undefined
2025-09-06T06:09:47.273Z - GET /uploads/news//uploads/news/syakira-prestasi-renang.jpg - Body: undefined
2025-09-06T06:12:26.009Z - GET /berita?ide_webview_request_time=1757139143715 - Body: undefined
2025-09-06T06:12:28.374Z - GET /uploads/news//uploads/news/Fellix%20Fathul%20Ruzain.jpg - Body: undefined
2025-09-06T06:12:28.394Z - GET /uploads/news//uploads/news/syakira-prestasi-renang.jpg - Body: undefined
2025-09-06T06:12:29.165Z - GET /@vite/client - Body: undefined
2025-09-06T06:14:58.038Z - GET / - Body: undefined
2025-09-06T06:15:06.419Z - GET /berita - Body: undefined
2025-09-06T06:15:06.939Z - GET /berita - Body: undefined
2025-09-06T06:15:10.007Z - GET /berita/3 - Body: undefined
2025-09-06T06:15:15.843Z - GET /berita/2 - Body: undefined
2025-09-06T06:15:17.908Z - GET /berita?ide_webview_request_time=1757139315993 - Body: undefined
2025-09-06T06:15:19.329Z - GET /@vite/client - Body: undefined
2025-09-06T06:15:23.463Z - GET /berita/1 - Body: undefined
2025-09-06T06:15:52.635Z - GET /berita/1?ide_webview_request_time=1757139350955 - Body: undefined
2025-09-06T06:15:53.757Z - GET /@vite/client - Body: undefined
2025-09-06T06:16:10.441Z - GET /berita/2?ide_webview_request_time=1757139368974 - Body: undefined
2025-09-06T06:16:11.241Z - GET /@vite/client - Body: undefined
2025-09-06T06:16:29.581Z - GET /berita/3?ide_webview_request_time=1757139388099 - Body: undefined
2025-09-06T06:16:32.850Z - GET /@vite/client - Body: undefined
2025-09-06T06:16:58.433Z - GET /?ide_webview_request_time=1757139417412 - Body: undefined
2025-09-06T06:16:59.939Z - GET /@vite/client - Body: undefined
